Using pre-set license
Built from '2020.3/staging' branch; Version is '2020.3.29f1 (2ff179115da0) revision 3142009'; Using compiler version '192528614'; Build Type 'Release'
OS: 'Windows 10  (10.0.19043) 64bit CoreSingleLanguage' Language: 'pt' Physical Memory: 11164 MB
BatchMode: 1, IsHumanControllingUs: 0, StartBugReporterOnCrash: 0, Is64bit: 1, IsPro: 0

COMMAND LINE ARGUMENTS:
C:\Program Files\Unity\Hub\Editor\2020.3.29f1\Editor\Unity.exe
-adb2
-batchMode
-noUpm
-name
AssetImportWorker0
-projectPath
C:/Users/oalis/OneDrive/Área de Trabalho/Caderninho/Programação - Rodrigo/Challenge shooter
-logFile
Logs/AssetImportWorker0.log
-srvPort
53485
Successfully changed project path to: C:/Users/oalis/OneDrive/Área de Trabalho/Caderninho/Programação - Rodrigo/Challenge shooter
C:/Users/oalis/OneDrive/Área de Trabalho/Caderninho/Programação - Rodrigo/Challenge shooter
Using Asset Import Pipeline V2.
Refreshing native plugins compatible for Editor in 97.60 ms, found 3 plugins.
Preloading 0 native plugins for Editor in 0.00 ms.
Initialize engine version: 2020.3.29f1 (2ff179115da0)
[Subsystems] Discovering subsystems at path C:/Program Files/Unity/Hub/Editor/2020.3.29f1/Editor/Data/Resources/UnitySubsystems
[Subsystems] Discovering subsystems at path C:/Users/oalis/OneDrive/Área de Trabalho/Caderninho/Programação - Rodrigo/Challenge shooter/Assets
GfxDevice: creating device client; threaded=0
Direct3D:
    Version:  Direct3D 11.0 [level 11.1]
    Renderer: AMD Radeon(TM) Vega 8 Graphics (ID=0x15dd)
    Vendor:   
    VRAM:     5582 MB
    Driver:   26.20.12036.1
Initialize mono
Mono path[0] = 'C:/Program Files/Unity/Hub/Editor/2020.3.29f1/Editor/Data/Managed'
Mono path[1] = 'C:/Program Files/Unity/Hub/Editor/2020.3.29f1/Editor/Data/MonoBleedingEdge/lib/mono/unityjit'
Mono config path = 'C:/Program Files/Unity/Hub/Editor/2020.3.29f1/Editor/Data/MonoBleedingEdge/etc'
Using monoOptions --debugger-agent=transport=dt_socket,embedding=1,server=y,suspend=n,address=127.0.0.1:56096
Begin MonoManager ReloadAssembly
Registering precompiled unity dll's ...
Register platform support module: C:/Program Files/Unity/Hub/Editor/2020.3.29f1/Editor/Data/PlaybackEngines/WebGLSupport/UnityEditor.WebGL.Extensions.dll
Register platform support module: C:/Program Files/Unity/Hub/Editor/2020.3.29f1/Editor/Data/PlaybackEngines/WindowsStandaloneSupport/UnityEditor.WindowsStandalone.Extensions.dll
Registered in 0.004007 seconds.
Native extension for WindowsStandalone target not found
Native extension for WebGL target not found
Refreshing native plugins compatible for Editor in 392.10 ms, found 3 plugins.
Preloading 0 native plugins for Editor in 0.00 ms.
Mono: successfully reloaded assembly
- Completed reload, in  1.367 seconds
Domain Reload Profiling:
	ReloadAssembly (1367ms)
		BeginReloadAssembly (111ms)
			ExecutionOrderSort (0ms)
			DisableScriptedObjects (0ms)
			BackupInstance (0ms)
			ReleaseScriptingObjects (0ms)
			CreateAndSetChildDomain (2ms)
		EndReloadAssembly (1109ms)
			LoadAssemblies (106ms)
			RebuildTransferFunctionScriptingTraits (0ms)
			SetupTypeCache (240ms)
			ReleaseScriptCaches (0ms)
			RebuildScriptCaches (49ms)
			SetupLoadedEditorAssemblies (633ms)
				LogAssemblyErrors (0ms)
				InitializePlatformSupportModulesInManaged (9ms)
				SetLoadedEditorAssemblies (0ms)
				RefreshPlugins (392ms)
				BeforeProcessingInitializeOnLoad (34ms)
				ProcessInitializeOnLoadAttributes (154ms)
				ProcessInitializeOnLoadMethodAttributes (43ms)
				AfterProcessingInitializeOnLoad (0ms)
				EditorAssembliesLoaded (0ms)
			ExecutionOrderSort2 (0ms)
			AwakeInstancesAfterBackupRestoration (0ms)
Platform modules already initialized, skipping
Registering precompiled user dll's ...
Registered in 0.007134 seconds.
Begin MonoManager ReloadAssembly
Native extension for WindowsStandalone target not found
Native extension for WebGL target not found
Refreshing native plugins compatible for Editor in 85.43 ms, found 3 plugins.
Preloading 0 native plugins for Editor in 0.00 ms.
Mono: successfully reloaded assembly
- Completed reload, in  1.837 seconds
Domain Reload Profiling:
	ReloadAssembly (1839ms)
		BeginReloadAssembly (304ms)
			ExecutionOrderSort (0ms)
			DisableScriptedObjects (6ms)
			BackupInstance (0ms)
			ReleaseScriptingObjects (0ms)
			CreateAndSetChildDomain (35ms)
		EndReloadAssembly (1429ms)
			LoadAssemblies (152ms)
			RebuildTransferFunctionScriptingTraits (0ms)
			SetupTypeCache (435ms)
			ReleaseScriptCaches (1ms)
			RebuildScriptCaches (75ms)
			SetupLoadedEditorAssemblies (563ms)
				LogAssemblyErrors (0ms)
				InitializePlatformSupportModulesInManaged (9ms)
				SetLoadedEditorAssemblies (0ms)
				RefreshPlugins (86ms)
				BeforeProcessingInitializeOnLoad (128ms)
				ProcessInitializeOnLoadAttributes (303ms)
				ProcessInitializeOnLoadMethodAttributes (23ms)
				AfterProcessingInitializeOnLoad (14ms)
				EditorAssembliesLoaded (0ms)
			ExecutionOrderSort2 (0ms)
			AwakeInstancesAfterBackupRestoration (12ms)
Platform modules already initialized, skipping
========================================================================
Worker process is ready to serve import requests
Launched and connected shader compiler UnityShaderCompiler.exe after 0.10 seconds
Refreshing native plugins compatible for Editor in 0.86 ms, found 3 plugins.
Preloading 0 native plugins for Editor in 0.00 ms.
Unloading 2072 Unused Serialized files (Serialized files now loaded: 0)
System memory in use before: 99.2 MB.
System memory in use after: 99.3 MB.

Unloading 21 unused Assets to reduce memory usage. Loaded Objects now: 2511.
Total: 4.780600 ms (FindLiveObjects: 0.213200 ms CreateObjectMapping: 0.055100 ms MarkObjects: 4.374400 ms  DeleteObjects: 0.136500 ms)

AssetImportParameters requested are different than current active one (requested -> active):
  custom:framework-win-MediaFoundation: 216162199b28c13a410421893ffa2e32 -> 
  custom:video-decoder-ogg-theora: a1e56fd34408186e4bbccfd4996cb3dc -> 
  custom:container-muxer-webm: aa71ff27fc2769a1b78a27578f13a17b -> 
  custom:container-demuxer-webm: 4f35f7cbe854078d1ac9338744f61a02 -> 
  custom:container-demuxer-ogg: 62fdf1f143b41e24485cea50d1cbac27 -> 
  custom:video-encoder-webm-vp8: eb34c28f22e8b96e1ab97ce403110664 -> 
  custom:video-decoder-webm-vp8: 9c59270c3fd7afecdb556c50c9e8de78 -> 
  custom:audio-decoder-ogg-vorbis: bf7c407c2cedff20999df2af8eb42d56 -> 
  custom:audio-encoder-webm-vorbis: bf7c407c2cedff20999df2af8eb42d56 -> 
========================================================================
Received Import Request.
  path: Assets/Scriptes/Inimigo.cs
  artifactKey: Guid(97d15530e87e25a4995c45a88c630e76) Importer(815301076,1909f56bfc062723c751e8b465ee728b)
Start importing Assets/Scriptes/Inimigo.cs using Guid(97d15530e87e25a4995c45a88c630e76) Importer(815301076,1909f56bfc062723c751e8b465ee728b)  -> (artifact id: '281af2d1a008560fbccc0b81df75ed97') in 0.041233 seconds 
  Import took 0.089668 seconds .

========================================================================
Received Prepare
Registering precompiled user dll's ...
Registered in 0.006184 seconds.
Begin MonoManager ReloadAssembly
Native extension for WindowsStandalone target not found
Native extension for WebGL target not found
Refreshing native plugins compatible for Editor in 0.87 ms, found 3 plugins.
Preloading 0 native plugins for Editor in 0.00 ms.
Mono: successfully reloaded assembly
- Completed reload, in  1.749 seconds
Domain Reload Profiling:
	ReloadAssembly (1750ms)
		BeginReloadAssembly (186ms)
			ExecutionOrderSort (0ms)
			DisableScriptedObjects (6ms)
			BackupInstance (0ms)
			ReleaseScriptingObjects (0ms)
			CreateAndSetChildDomain (48ms)
		EndReloadAssembly (1458ms)
			LoadAssemblies (165ms)
			RebuildTransferFunctionScriptingTraits (0ms)
			SetupTypeCache (517ms)
			ReleaseScriptCaches (2ms)
			RebuildScriptCaches (80ms)
			SetupLoadedEditorAssemblies (550ms)
				LogAssemblyErrors (0ms)
				InitializePlatformSupportModulesInManaged (9ms)
				SetLoadedEditorAssemblies (1ms)
				RefreshPlugins (1ms)
				BeforeProcessingInitializeOnLoad (148ms)
				ProcessInitializeOnLoadAttributes (360ms)
				ProcessInitializeOnLoadMethodAttributes (16ms)
				AfterProcessingInitializeOnLoad (15ms)
				EditorAssembliesLoaded (0ms)
			ExecutionOrderSort2 (0ms)
			AwakeInstancesAfterBackupRestoration (21ms)
Platform modules already initialized, skipping
Refreshing native plugins compatible for Editor in 0.92 ms, found 3 plugins.
Preloading 0 native plugins for Editor in 0.00 ms.
Unloading 2056 Unused Serialized files (Serialized files now loaded: 0)
System memory in use before: 98.0 MB.
System memory in use after: 98.2 MB.

Unloading 14 unused Assets to reduce memory usage. Loaded Objects now: 2513.
Total: 6.521500 ms (FindLiveObjects: 0.259800 ms CreateObjectMapping: 0.095100 ms MarkObjects: 6.130500 ms  DeleteObjects: 0.034000 ms)

AssetImportParameters requested are different than current active one (requested -> active):
  custom:framework-win-MediaFoundation: 216162199b28c13a410421893ffa2e32 -> 
  custom:video-decoder-ogg-theora: a1e56fd34408186e4bbccfd4996cb3dc -> 
  custom:container-muxer-webm: aa71ff27fc2769a1b78a27578f13a17b -> 
  custom:container-demuxer-webm: 4f35f7cbe854078d1ac9338744f61a02 -> 
  custom:container-demuxer-ogg: 62fdf1f143b41e24485cea50d1cbac27 -> 
  custom:video-encoder-webm-vp8: eb34c28f22e8b96e1ab97ce403110664 -> 
  custom:video-decoder-webm-vp8: 9c59270c3fd7afecdb556c50c9e8de78 -> 
  custom:audio-decoder-ogg-vorbis: bf7c407c2cedff20999df2af8eb42d56 -> 
  custom:audio-encoder-webm-vorbis: bf7c407c2cedff20999df2af8eb42d56 -> 
========================================================================
Received Prepare
Registering precompiled user dll's ...
Registered in 0.005541 seconds.
Begin MonoManager ReloadAssembly
Native extension for WindowsStandalone target not found
Native extension for WebGL target not found
Refreshing native plugins compatible for Editor in 1.00 ms, found 3 plugins.
Preloading 0 native plugins for Editor in 0.00 ms.
Mono: successfully reloaded assembly
- Completed reload, in  1.506 seconds
Domain Reload Profiling:
	ReloadAssembly (1507ms)
		BeginReloadAssembly (161ms)
			ExecutionOrderSort (0ms)
			DisableScriptedObjects (8ms)
			BackupInstance (0ms)
			ReleaseScriptingObjects (0ms)
			CreateAndSetChildDomain (48ms)
		EndReloadAssembly (1257ms)
			LoadAssemblies (145ms)
			RebuildTransferFunctionScriptingTraits (0ms)
			SetupTypeCache (442ms)
			ReleaseScriptCaches (1ms)
			RebuildScriptCaches (68ms)
			SetupLoadedEditorAssemblies (459ms)
				LogAssemblyErrors (0ms)
				InitializePlatformSupportModulesInManaged (11ms)
				SetLoadedEditorAssemblies (2ms)
				RefreshPlugins (1ms)
				BeforeProcessingInitializeOnLoad (126ms)
				ProcessInitializeOnLoadAttributes (293ms)
				ProcessInitializeOnLoadMethodAttributes (14ms)
				AfterProcessingInitializeOnLoad (12ms)
				EditorAssembliesLoaded (0ms)
			ExecutionOrderSort2 (0ms)
			AwakeInstancesAfterBackupRestoration (12ms)
Platform modules already initialized, skipping
Refreshing native plugins compatible for Editor in 0.90 ms, found 3 plugins.
Preloading 0 native plugins for Editor in 0.00 ms.
Unloading 2056 Unused Serialized files (Serialized files now loaded: 0)
System memory in use before: 98.1 MB.
System memory in use after: 98.2 MB.

Unloading 14 unused Assets to reduce memory usage. Loaded Objects now: 2515.
Total: 3.897800 ms (FindLiveObjects: 0.225900 ms CreateObjectMapping: 0.060600 ms MarkObjects: 3.578700 ms  DeleteObjects: 0.030900 ms)

AssetImportParameters requested are different than current active one (requested -> active):
  custom:framework-win-MediaFoundation: 216162199b28c13a410421893ffa2e32 -> 
  custom:video-decoder-ogg-theora: a1e56fd34408186e4bbccfd4996cb3dc -> 
  custom:container-muxer-webm: aa71ff27fc2769a1b78a27578f13a17b -> 
  custom:container-demuxer-webm: 4f35f7cbe854078d1ac9338744f61a02 -> 
  custom:container-demuxer-ogg: 62fdf1f143b41e24485cea50d1cbac27 -> 
  custom:video-encoder-webm-vp8: eb34c28f22e8b96e1ab97ce403110664 -> 
  custom:video-decoder-webm-vp8: 9c59270c3fd7afecdb556c50c9e8de78 -> 
  custom:audio-decoder-ogg-vorbis: bf7c407c2cedff20999df2af8eb42d56 -> 
  custom:audio-encoder-webm-vorbis: bf7c407c2cedff20999df2af8eb42d56 -> 
========================================================================
Received Prepare
Registering precompiled user dll's ...
Registered in 0.007858 seconds.
Begin MonoManager ReloadAssembly
Native extension for WindowsStandalone target not found
Native extension for WebGL target not found
Refreshing native plugins compatible for Editor in 0.88 ms, found 3 plugins.
Preloading 0 native plugins for Editor in 0.00 ms.
Mono: successfully reloaded assembly
- Completed reload, in  1.700 seconds
Domain Reload Profiling:
	ReloadAssembly (1701ms)
		BeginReloadAssembly (185ms)
			ExecutionOrderSort (0ms)
			DisableScriptedObjects (8ms)
			BackupInstance (0ms)
			ReleaseScriptingObjects (0ms)
			CreateAndSetChildDomain (54ms)
		EndReloadAssembly (1407ms)
			LoadAssemblies (164ms)
			RebuildTransferFunctionScriptingTraits (0ms)
			SetupTypeCache (461ms)
			ReleaseScriptCaches (2ms)
			RebuildScriptCaches (82ms)
			SetupLoadedEditorAssemblies (530ms)
				LogAssemblyErrors (0ms)
				InitializePlatformSupportModulesInManaged (11ms)
				SetLoadedEditorAssemblies (1ms)
				RefreshPlugins (1ms)
				BeforeProcessingInitializeOnLoad (144ms)
				ProcessInitializeOnLoadAttributes (336ms)
				ProcessInitializeOnLoadMethodAttributes (21ms)
				AfterProcessingInitializeOnLoad (16ms)
				EditorAssembliesLoaded (0ms)
			ExecutionOrderSort2 (0ms)
			AwakeInstancesAfterBackupRestoration (18ms)
Platform modules already initialized, skipping
Refreshing native plugins compatible for Editor in 0.87 ms, found 3 plugins.
Preloading 0 native plugins for Editor in 0.00 ms.
Unloading 2056 Unused Serialized files (Serialized files now loaded: 0)
System memory in use before: 98.1 MB.
System memory in use after: 98.2 MB.

Unloading 14 unused Assets to reduce memory usage. Loaded Objects now: 2517.
Total: 4.654500 ms (FindLiveObjects: 0.215200 ms CreateObjectMapping: 0.054900 ms MarkObjects: 4.350700 ms  DeleteObjects: 0.032100 ms)

AssetImportParameters requested are different than current active one (requested -> active):
  custom:framework-win-MediaFoundation: 216162199b28c13a410421893ffa2e32 -> 
  custom:video-decoder-ogg-theora: a1e56fd34408186e4bbccfd4996cb3dc -> 
  custom:container-muxer-webm: aa71ff27fc2769a1b78a27578f13a17b -> 
  custom:container-demuxer-webm: 4f35f7cbe854078d1ac9338744f61a02 -> 
  custom:container-demuxer-ogg: 62fdf1f143b41e24485cea50d1cbac27 -> 
  custom:video-encoder-webm-vp8: eb34c28f22e8b96e1ab97ce403110664 -> 
  custom:video-decoder-webm-vp8: 9c59270c3fd7afecdb556c50c9e8de78 -> 
  custom:audio-decoder-ogg-vorbis: bf7c407c2cedff20999df2af8eb42d56 -> 
  custom:audio-encoder-webm-vorbis: bf7c407c2cedff20999df2af8eb42d56 -> 
========================================================================
Received Prepare
Registering precompiled user dll's ...
Registered in 0.006084 seconds.
Begin MonoManager ReloadAssembly
Native extension for WindowsStandalone target not found
Native extension for WebGL target not found
Refreshing native plugins compatible for Editor in 0.93 ms, found 3 plugins.
Preloading 0 native plugins for Editor in 0.00 ms.
Mono: successfully reloaded assembly
- Completed reload, in  1.752 seconds
Domain Reload Profiling:
	ReloadAssembly (1753ms)
		BeginReloadAssembly (228ms)
			ExecutionOrderSort (0ms)
			DisableScriptedObjects (14ms)
			BackupInstance (0ms)
			ReleaseScriptingObjects (0ms)
			CreateAndSetChildDomain (79ms)
		EndReloadAssembly (1406ms)
			LoadAssemblies (185ms)
			RebuildTransferFunctionScriptingTraits (0ms)
			SetupTypeCache (452ms)
			ReleaseScriptCaches (1ms)
			RebuildScriptCaches (72ms)
			SetupLoadedEditorAssemblies (533ms)
				LogAssemblyErrors (0ms)
				InitializePlatformSupportModulesInManaged (9ms)
				SetLoadedEditorAssemblies (2ms)
				RefreshPlugins (1ms)
				BeforeProcessingInitializeOnLoad (139ms)
				ProcessInitializeOnLoadAttributes (350ms)
				ProcessInitializeOnLoadMethodAttributes (18ms)
				AfterProcessingInitializeOnLoad (15ms)
				EditorAssembliesLoaded (0ms)
			ExecutionOrderSort2 (0ms)
			AwakeInstancesAfterBackupRestoration (17ms)
Platform modules already initialized, skipping
Refreshing native plugins compatible for Editor in 0.95 ms, found 3 plugins.
Preloading 0 native plugins for Editor in 0.00 ms.
Unloading 2056 Unused Serialized files (Serialized files now loaded: 0)
System memory in use before: 98.1 MB.
System memory in use after: 98.2 MB.

Unloading 14 unused Assets to reduce memory usage. Loaded Objects now: 2519.
Total: 5.084000 ms (FindLiveObjects: 0.475200 ms CreateObjectMapping: 0.127100 ms MarkObjects: 4.440700 ms  DeleteObjects: 0.039000 ms)

AssetImportParameters requested are different than current active one (requested -> active):
  custom:framework-win-MediaFoundation: 216162199b28c13a410421893ffa2e32 -> 
  custom:video-decoder-ogg-theora: a1e56fd34408186e4bbccfd4996cb3dc -> 
  custom:container-muxer-webm: aa71ff27fc2769a1b78a27578f13a17b -> 
  custom:container-demuxer-webm: 4f35f7cbe854078d1ac9338744f61a02 -> 
  custom:container-demuxer-ogg: 62fdf1f143b41e24485cea50d1cbac27 -> 
  custom:video-encoder-webm-vp8: eb34c28f22e8b96e1ab97ce403110664 -> 
  custom:video-decoder-webm-vp8: 9c59270c3fd7afecdb556c50c9e8de78 -> 
  custom:audio-decoder-ogg-vorbis: bf7c407c2cedff20999df2af8eb42d56 -> 
  custom:audio-encoder-webm-vorbis: bf7c407c2cedff20999df2af8eb42d56 -> 
========================================================================
Received Prepare
Registering precompiled user dll's ...
Registered in 0.006754 seconds.
Begin MonoManager ReloadAssembly
Native extension for WindowsStandalone target not found
Native extension for WebGL target not found
Refreshing native plugins compatible for Editor in 1.11 ms, found 3 plugins.
Preloading 0 native plugins for Editor in 0.00 ms.
Mono: successfully reloaded assembly
- Completed reload, in  1.846 seconds
Domain Reload Profiling:
	ReloadAssembly (1847ms)
		BeginReloadAssembly (229ms)
			ExecutionOrderSort (0ms)
			DisableScriptedObjects (13ms)
			BackupInstance (0ms)
			ReleaseScriptingObjects (0ms)
			CreateAndSetChildDomain (56ms)
		EndReloadAssembly (1493ms)
			LoadAssemblies (189ms)
			RebuildTransferFunctionScriptingTraits (0ms)
			SetupTypeCache (506ms)
			ReleaseScriptCaches (1ms)
			RebuildScriptCaches (78ms)
			SetupLoadedEditorAssemblies (594ms)
				LogAssemblyErrors (0ms)
				InitializePlatformSupportModulesInManaged (13ms)
				SetLoadedEditorAssemblies (2ms)
				RefreshPlugins (1ms)
				BeforeProcessingInitializeOnLoad (165ms)
				ProcessInitializeOnLoadAttributes (379ms)
				ProcessInitializeOnLoadMethodAttributes (15ms)
				AfterProcessingInitializeOnLoad (19ms)
				EditorAssembliesLoaded (0ms)
			ExecutionOrderSort2 (0ms)
			AwakeInstancesAfterBackupRestoration (19ms)
Platform modules already initialized, skipping
Refreshing native plugins compatible for Editor in 1.29 ms, found 3 plugins.
Preloading 0 native plugins for Editor in 0.00 ms.
Unloading 2056 Unused Serialized files (Serialized files now loaded: 0)
System memory in use before: 98.1 MB.
System memory in use after: 98.2 MB.

Unloading 14 unused Assets to reduce memory usage. Loaded Objects now: 2521.
Total: 6.763400 ms (FindLiveObjects: 0.257000 ms CreateObjectMapping: 0.075600 ms MarkObjects: 6.379200 ms  DeleteObjects: 0.049600 ms)

AssetImportParameters requested are different than current active one (requested -> active):
  custom:framework-win-MediaFoundation: 216162199b28c13a410421893ffa2e32 -> 
  custom:video-decoder-ogg-theora: a1e56fd34408186e4bbccfd4996cb3dc -> 
  custom:container-muxer-webm: aa71ff27fc2769a1b78a27578f13a17b -> 
  custom:container-demuxer-webm: 4f35f7cbe854078d1ac9338744f61a02 -> 
  custom:container-demuxer-ogg: 62fdf1f143b41e24485cea50d1cbac27 -> 
  custom:video-encoder-webm-vp8: eb34c28f22e8b96e1ab97ce403110664 -> 
  custom:video-decoder-webm-vp8: 9c59270c3fd7afecdb556c50c9e8de78 -> 
  custom:audio-decoder-ogg-vorbis: bf7c407c2cedff20999df2af8eb42d56 -> 
  custom:audio-encoder-webm-vorbis: bf7c407c2cedff20999df2af8eb42d56 -> 
========================================================================
Received Import Request.
  Time since last request: 1346.872716 seconds.
  path: Assets/Prefab/Inimigo (1).prefab
  artifactKey: Guid(5eb14692b79983c498b8d9f854fe49f6) Importer(815301076,1909f56bfc062723c751e8b465ee728b)
Start importing Assets/Prefab/Inimigo (1).prefab using Guid(5eb14692b79983c498b8d9f854fe49f6) Importer(815301076,1909f56bfc062723c751e8b465ee728b)  -> (artifact id: '7b65e848bad388a7ffe9eece0289bc21') in 0.279805 seconds 
  Import took 0.310236 seconds .

========================================================================
Received Prepare
Registering precompiled user dll's ...
Registered in 0.006331 seconds.
Begin MonoManager ReloadAssembly
Native extension for WindowsStandalone target not found
Native extension for WebGL target not found
Refreshing native plugins compatible for Editor in 1.82 ms, found 3 plugins.
Preloading 0 native plugins for Editor in 0.00 ms.
Mono: successfully reloaded assembly
- Completed reload, in  2.145 seconds
Domain Reload Profiling:
	ReloadAssembly (2145ms)
		BeginReloadAssembly (175ms)
			ExecutionOrderSort (0ms)
			DisableScriptedObjects (6ms)
			BackupInstance (0ms)
			ReleaseScriptingObjects (0ms)
			CreateAndSetChildDomain (48ms)
		EndReloadAssembly (1829ms)
			LoadAssemblies (166ms)
			RebuildTransferFunctionScriptingTraits (0ms)
			SetupTypeCache (569ms)
			ReleaseScriptCaches (2ms)
			RebuildScriptCaches (96ms)
			SetupLoadedEditorAssemblies (720ms)
				LogAssemblyErrors (0ms)
				InitializePlatformSupportModulesInManaged (13ms)
				SetLoadedEditorAssemblies (1ms)
				RefreshPlugins (2ms)
				BeforeProcessingInitializeOnLoad (197ms)
				ProcessInitializeOnLoadAttributes (467ms)
				ProcessInitializeOnLoadMethodAttributes (22ms)
				AfterProcessingInitializeOnLoad (17ms)
				EditorAssembliesLoaded (0ms)
			ExecutionOrderSort2 (0ms)
			AwakeInstancesAfterBackupRestoration (20ms)
Platform modules already initialized, skipping
Refreshing native plugins compatible for Editor in 0.86 ms, found 3 plugins.
Preloading 0 native plugins for Editor in 0.00 ms.
Unloading 2056 Unused Serialized files (Serialized files now loaded: 0)
System memory in use before: 114.7 MB.
System memory in use after: 114.8 MB.

Unloading 14 unused Assets to reduce memory usage. Loaded Objects now: 2531.
Total: 4.420400 ms (FindLiveObjects: 0.251700 ms CreateObjectMapping: 0.106500 ms MarkObjects: 4.030700 ms  DeleteObjects: 0.030300 ms)

AssetImportParameters requested are different than current active one (requested -> active):
  custom:framework-win-MediaFoundation: 216162199b28c13a410421893ffa2e32 -> 
  custom:video-decoder-ogg-theora: a1e56fd34408186e4bbccfd4996cb3dc -> 
  custom:container-muxer-webm: aa71ff27fc2769a1b78a27578f13a17b -> 
  custom:container-demuxer-webm: 4f35f7cbe854078d1ac9338744f61a02 -> 
  custom:container-demuxer-ogg: 62fdf1f143b41e24485cea50d1cbac27 -> 
  custom:video-encoder-webm-vp8: eb34c28f22e8b96e1ab97ce403110664 -> 
  custom:video-decoder-webm-vp8: 9c59270c3fd7afecdb556c50c9e8de78 -> 
  custom:audio-decoder-ogg-vorbis: bf7c407c2cedff20999df2af8eb42d56 -> 
  custom:audio-encoder-webm-vorbis: bf7c407c2cedff20999df2af8eb42d56 -> 
========================================================================
Received Prepare
Registering precompiled user dll's ...
Registered in 0.005603 seconds.
Begin MonoManager ReloadAssembly
Native extension for WindowsStandalone target not found
Native extension for WebGL target not found
Refreshing native plugins compatible for Editor in 1.30 ms, found 3 plugins.
Preloading 0 native plugins for Editor in 0.00 ms.
Mono: successfully reloaded assembly
- Completed reload, in  1.585 seconds
Domain Reload Profiling:
	ReloadAssembly (1586ms)
		BeginReloadAssembly (181ms)
			ExecutionOrderSort (0ms)
			DisableScriptedObjects (10ms)
			BackupInstance (0ms)
			ReleaseScriptingObjects (0ms)
			CreateAndSetChildDomain (51ms)
		EndReloadAssembly (1303ms)
			LoadAssemblies (166ms)
			RebuildTransferFunctionScriptingTraits (0ms)
			SetupTypeCache (417ms)
			ReleaseScriptCaches (1ms)
			RebuildScriptCaches (64ms)
			SetupLoadedEditorAssemblies (519ms)
				LogAssemblyErrors (0ms)
				InitializePlatformSupportModulesInManaged (8ms)
				SetLoadedEditorAssemblies (1ms)
				RefreshPlugins (1ms)
				BeforeProcessingInitializeOnLoad (148ms)
				ProcessInitializeOnLoadAttributes (328ms)
				ProcessInitializeOnLoadMethodAttributes (18ms)
				AfterProcessingInitializeOnLoad (13ms)
				EditorAssembliesLoaded (0ms)
			ExecutionOrderSort2 (0ms)
			AwakeInstancesAfterBackupRestoration (16ms)
Platform modules already initialized, skipping
Refreshing native plugins compatible for Editor in 0.84 ms, found 3 plugins.
Preloading 0 native plugins for Editor in 0.00 ms.
Unloading 2056 Unused Serialized files (Serialized files now loaded: 0)
System memory in use before: 114.7 MB.
System memory in use after: 114.8 MB.

Unloading 14 unused Assets to reduce memory usage. Loaded Objects now: 2533.
Total: 3.984500 ms (FindLiveObjects: 0.347400 ms CreateObjectMapping: 0.068900 ms MarkObjects: 3.535900 ms  DeleteObjects: 0.030900 ms)

AssetImportParameters requested are different than current active one (requested -> active):
  custom:framework-win-MediaFoundation: 216162199b28c13a410421893ffa2e32 -> 
  custom:video-decoder-ogg-theora: a1e56fd34408186e4bbccfd4996cb3dc -> 
  custom:container-muxer-webm: aa71ff27fc2769a1b78a27578f13a17b -> 
  custom:container-demuxer-webm: 4f35f7cbe854078d1ac9338744f61a02 -> 
  custom:container-demuxer-ogg: 62fdf1f143b41e24485cea50d1cbac27 -> 
  custom:video-encoder-webm-vp8: eb34c28f22e8b96e1ab97ce403110664 -> 
  custom:video-decoder-webm-vp8: 9c59270c3fd7afecdb556c50c9e8de78 -> 
  custom:audio-decoder-ogg-vorbis: bf7c407c2cedff20999df2af8eb42d56 -> 
  custom:audio-encoder-webm-vorbis: bf7c407c2cedff20999df2af8eb42d56 -> 
========================================================================
Received Import Request.
  Time since last request: 1054.573958 seconds.
  path: Assets/PolygonSciFiSpace/Prefabs/FX/FX_Astroid_Field.prefab
  artifactKey: Guid(4df87d5522e7b174d90e60cedc32ef7a) Importer(815301076,1909f56bfc062723c751e8b465ee728b)
Start importing Assets/PolygonSciFiSpace/Prefabs/FX/FX_Astroid_Field.prefab using Guid(4df87d5522e7b174d90e60cedc32ef7a) Importer(815301076,1909f56bfc062723c751e8b465ee728b)  -> (artifact id: '447c374b5871391ad71fe267890b0e98') in 0.542684 seconds 
  Import took 0.776549 seconds .

========================================================================
Received Import Request.
  Time since last request: 0.000442 seconds.
  path: Assets/PolygonSciFiSpace/Prefabs/FX/FX_Blackhole_Large.prefab
  artifactKey: Guid(8be4d0d0456ee8d42be4cc3b70260fc5) Importer(815301076,1909f56bfc062723c751e8b465ee728b)
Start importing Assets/PolygonSciFiSpace/Prefabs/FX/FX_Blackhole_Large.prefab using Guid(8be4d0d0456ee8d42be4cc3b70260fc5) Importer(815301076,1909f56bfc062723c751e8b465ee728b)  -> (artifact id: '9b0d0c98e7c5ce1e6ae026cf871ff3a0') in 0.694998 seconds 
  Import took 0.700947 seconds .

========================================================================
Received Import Request.
  Time since last request: 0.000418 seconds.
  path: Assets/PolygonSciFiSpace/Prefabs/FX/FX_Fire_02.prefab
  artifactKey: Guid(4157b899cc0f3ae4baf5bb5413504013) Importer(815301076,1909f56bfc062723c751e8b465ee728b)
Start importing Assets/PolygonSciFiSpace/Prefabs/FX/FX_Fire_02.prefab using Guid(4157b899cc0f3ae4baf5bb5413504013) Importer(815301076,1909f56bfc062723c751e8b465ee728b)  -> (artifact id: '338ec975b1b9f8cd883908bd79bc2aa2') in 0.179027 seconds 
  Import took 0.251818 seconds .

========================================================================
Received Import Request.
  Time since last request: 0.000663 seconds.
  path: Assets/PolygonSciFiSpace/Prefabs/FX/FX_Electricity.prefab
  artifactKey: Guid(ca1b1da5e83888f49b3a1148500975b9) Importer(815301076,1909f56bfc062723c751e8b465ee728b)
Start importing Assets/PolygonSciFiSpace/Prefabs/FX/FX_Electricity.prefab using Guid(ca1b1da5e83888f49b3a1148500975b9) Importer(815301076,1909f56bfc062723c751e8b465ee728b)  -> (artifact id: '2d865de74f30ab0ec9be6fefb8dfbb4d') in 0.040738 seconds 
  Import took 0.106070 seconds .

========================================================================
Received Import Request.
  Time since last request: 0.000397 seconds.
  path: Assets/PolygonSciFiSpace/Prefabs/FX/FX_Bubbles.prefab
  artifactKey: Guid(0f958b237ff34dc41854495e16602a70) Importer(815301076,1909f56bfc062723c751e8b465ee728b)
Start importing Assets/PolygonSciFiSpace/Prefabs/FX/FX_Bubbles.prefab using Guid(0f958b237ff34dc41854495e16602a70) Importer(815301076,1909f56bfc062723c751e8b465ee728b)  -> (artifact id: '5834b3c25fe879817fd568654c3d28fc') in 0.185769 seconds 
  Import took 0.256098 seconds .

========================================================================
Received Import Request.
  Time since last request: 0.000500 seconds.
  path: Assets/PolygonSciFiSpace/Prefabs/FX/FX_Beacon.prefab
  artifactKey: Guid(ae5e9d0da5672704e9fd3367770b99cb) Importer(815301076,1909f56bfc062723c751e8b465ee728b)
Start importing Assets/PolygonSciFiSpace/Prefabs/FX/FX_Beacon.prefab using Guid(ae5e9d0da5672704e9fd3367770b99cb) Importer(815301076,1909f56bfc062723c751e8b465ee728b)  -> (artifact id: '8dab7a9d4b2c86948a463014b053d51c') in 0.147170 seconds 
  Import took 0.219845 seconds .

========================================================================
Received Import Request.
  Time since last request: 0.000517 seconds.
  path: Assets/PolygonSciFiSpace/Prefabs/FX/FX_Fire_01.prefab
  artifactKey: Guid(06d2c182145e6f442b2f802c23bdcc63) Importer(815301076,1909f56bfc062723c751e8b465ee728b)
Start importing Assets/PolygonSciFiSpace/Prefabs/FX/FX_Fire_01.prefab using Guid(06d2c182145e6f442b2f802c23bdcc63) Importer(815301076,1909f56bfc062723c751e8b465ee728b)  -> (artifact id: '08e67b5c184d7816b03eb967220d4c56') in 0.026353 seconds 
  Import took 0.093361 seconds .

========================================================================
Received Import Request.
  Time since last request: 0.000438 seconds.
  path: Assets/PolygonSciFiSpace/Prefabs/FX/FX_Explosion.prefab
  artifactKey: Guid(587eaecaa621be74486f351c78b4f0a8) Importer(815301076,1909f56bfc062723c751e8b465ee728b)
Start importing Assets/PolygonSciFiSpace/Prefabs/FX/FX_Explosion.prefab using Guid(587eaecaa621be74486f351c78b4f0a8) Importer(815301076,1909f56bfc062723c751e8b465ee728b)  -> (artifact id: '3fc235ee96aa43a3486291293f4fd7ae') in 0.292712 seconds 
  Import took 0.343367 seconds .

========================================================================
Received Import Request.
  Time since last request: 0.000506 seconds.
  path: Assets/PolygonSciFiSpace/Prefabs/FX/FX_Flame_Booster_Round.prefab
  artifactKey: Guid(41eac07628561874e8fd3c1649c10b47) Importer(815301076,1909f56bfc062723c751e8b465ee728b)
Start importing Assets/PolygonSciFiSpace/Prefabs/FX/FX_Flame_Booster_Round.prefab using Guid(41eac07628561874e8fd3c1649c10b47) Importer(815301076,1909f56bfc062723c751e8b465ee728b)  -> (artifact id: 'fbb4a8b0ab82b56dc12da05770e1a7f2') in 0.293992 seconds 
  Import took 0.384816 seconds .

========================================================================
Received Import Request.
  Time since last request: 0.000493 seconds.
  path: Assets/PolygonSciFiSpace/Prefabs/FX/FX_Exhaust_Trail.prefab
  artifactKey: Guid(7eedf4519460a0842af962a850d94e97) Importer(815301076,1909f56bfc062723c751e8b465ee728b)
Start importing Assets/PolygonSciFiSpace/Prefabs/FX/FX_Exhaust_Trail.prefab using Guid(7eedf4519460a0842af962a850d94e97) Importer(815301076,1909f56bfc062723c751e8b465ee728b)  -> (artifact id: '602b3c45b605c752b76035c38f2e3c66') in 0.129466 seconds 
  Import took 0.193692 seconds .

========================================================================
Received Import Request.
  Time since last request: 23.073075 seconds.
  path: Assets/Prefab/Inimigo (2).prefab
  artifactKey: Guid(5963af6222f9feb4b92f25fac89653f0) Importer(815301076,1909f56bfc062723c751e8b465ee728b)
Start importing Assets/Prefab/Inimigo (2).prefab using Guid(5963af6222f9feb4b92f25fac89653f0) Importer(815301076,1909f56bfc062723c751e8b465ee728b)  -> (artifact id: '2a47929dc1df53fe2527a94255c00b35') in 0.043761 seconds 
  Import took 0.050515 seconds .

========================================================================
Received Prepare
Registering precompiled user dll's ...
Registered in 0.007161 seconds.
Begin MonoManager ReloadAssembly
Native extension for WindowsStandalone target not found
Native extension for WebGL target not found
Refreshing native plugins compatible for Editor in 1.08 ms, found 3 plugins.
Preloading 0 native plugins for Editor in 0.00 ms.
Mono: successfully reloaded assembly
- Completed reload, in  1.657 seconds
Domain Reload Profiling:
	ReloadAssembly (1657ms)
		BeginReloadAssembly (191ms)
			ExecutionOrderSort (0ms)
			DisableScriptedObjects (7ms)
			BackupInstance (0ms)
			ReleaseScriptingObjects (0ms)
			CreateAndSetChildDomain (46ms)
		EndReloadAssembly (1360ms)
			LoadAssemblies (178ms)
			RebuildTransferFunctionScriptingTraits (0ms)
			SetupTypeCache (479ms)
			ReleaseScriptCaches (1ms)
			RebuildScriptCaches (58ms)
			SetupLoadedEditorAssemblies (521ms)
				LogAssemblyErrors (0ms)
				InitializePlatformSupportModulesInManaged (12ms)
				SetLoadedEditorAssemblies (1ms)
				RefreshPlugins (1ms)
				BeforeProcessingInitializeOnLoad (150ms)
				ProcessInitializeOnLoadAttributes (325ms)
				ProcessInitializeOnLoadMethodAttributes (17ms)
				AfterProcessingInitializeOnLoad (15ms)
				EditorAssembliesLoaded (0ms)
			ExecutionOrderSort2 (0ms)
			AwakeInstancesAfterBackupRestoration (16ms)
Platform modules already initialized, skipping
Refreshing native plugins compatible for Editor in 0.92 ms, found 3 plugins.
Preloading 0 native plugins for Editor in 0.00 ms.
Unloading 2056 Unused Serialized files (Serialized files now loaded: 0)
System memory in use before: 114.8 MB.
System memory in use after: 114.9 MB.

Unloading 14 unused Assets to reduce memory usage. Loaded Objects now: 2540.
Total: 5.146900 ms (FindLiveObjects: 0.294500 ms CreateObjectMapping: 0.091900 ms MarkObjects: 4.726100 ms  DeleteObjects: 0.032700 ms)

AssetImportParameters requested are different than current active one (requested -> active):
  custom:framework-win-MediaFoundation: 216162199b28c13a410421893ffa2e32 -> 
  custom:video-decoder-ogg-theora: a1e56fd34408186e4bbccfd4996cb3dc -> 
  custom:container-muxer-webm: aa71ff27fc2769a1b78a27578f13a17b -> 
  custom:container-demuxer-webm: 4f35f7cbe854078d1ac9338744f61a02 -> 
  custom:container-demuxer-ogg: 62fdf1f143b41e24485cea50d1cbac27 -> 
  custom:video-encoder-webm-vp8: eb34c28f22e8b96e1ab97ce403110664 -> 
  custom:video-decoder-webm-vp8: 9c59270c3fd7afecdb556c50c9e8de78 -> 
  custom:audio-decoder-ogg-vorbis: bf7c407c2cedff20999df2af8eb42d56 -> 
  custom:audio-encoder-webm-vorbis: bf7c407c2cedff20999df2af8eb42d56 -> 
========================================================================
Received Import Request.
  Time since last request: 102.575296 seconds.
  path: Assets/Prefab/Inimigo (1) Variant.prefab
  artifactKey: Guid(30e107b638157be49950d70fd8373985) Importer(815301076,1909f56bfc062723c751e8b465ee728b)
Start importing Assets/Prefab/Inimigo (1) Variant.prefab using Guid(30e107b638157be49950d70fd8373985) Importer(815301076,1909f56bfc062723c751e8b465ee728b)  -> (artifact id: '390f8dd0ea36b4cfa270c9e8ba742fdc') in 0.139173 seconds 
  Import took 0.215050 seconds .

========================================================================
Received Import Request.
  Time since last request: 6.570260 seconds.
  path: Assets/PolygonSciFiSpace/Prefabs/FX/FX_Flame_Booster_Square.prefab
  artifactKey: Guid(4a298e46d0e7c4c409d88415ebb4d047) Importer(815301076,1909f56bfc062723c751e8b465ee728b)
Start importing Assets/PolygonSciFiSpace/Prefabs/FX/FX_Flame_Booster_Square.prefab using Guid(4a298e46d0e7c4c409d88415ebb4d047) Importer(815301076,1909f56bfc062723c751e8b465ee728b)  -> (artifact id: 'db17e92cb59ac5c2ad9953f188452f47') in 0.254925 seconds 
  Import took 0.290116 seconds .

========================================================================
Received Import Request.
  Time since last request: 0.000461 seconds.
  path: Assets/PolygonSciFiSpace/Prefabs/FX/FX_Laser_Shot.prefab
  artifactKey: Guid(b510fe24f925ddd4bbf696284d146f51) Importer(815301076,1909f56bfc062723c751e8b465ee728b)
Start importing Assets/PolygonSciFiSpace/Prefabs/FX/FX_Laser_Shot.prefab using Guid(b510fe24f925ddd4bbf696284d146f51) Importer(815301076,1909f56bfc062723c751e8b465ee728b)  -> (artifact id: '8c5c15f6a656a342b44440ae7efcab4d') in 0.164161 seconds 
  Import took 0.217861 seconds .

========================================================================
Received Import Request.
  Time since last request: 0.000538 seconds.
  path: Assets/PolygonSciFiSpace/Prefabs/FX/FX_Laser_Bullet.prefab
  artifactKey: Guid(2c0c6b8c780ef4c49bad541f8512530d) Importer(815301076,1909f56bfc062723c751e8b465ee728b)
Start importing Assets/PolygonSciFiSpace/Prefabs/FX/FX_Laser_Bullet.prefab using Guid(2c0c6b8c780ef4c49bad541f8512530d) Importer(815301076,1909f56bfc062723c751e8b465ee728b)  -> (artifact id: 'f7b300ae2a46f969cc6bd5a3b53c88f2') in 0.153987 seconds 
  Import took 0.200371 seconds .

========================================================================
Received Import Request.
  Time since last request: 0.592944 seconds.
  path: Assets/PolygonSciFiSpace/Prefabs/FX/FX_LightRayCube.prefab
  artifactKey: Guid(020a3c5324a85e54aa57f312e6924dc6) Importer(815301076,1909f56bfc062723c751e8b465ee728b)
Start importing Assets/PolygonSciFiSpace/Prefabs/FX/FX_LightRayCube.prefab using Guid(020a3c5324a85e54aa57f312e6924dc6) Importer(815301076,1909f56bfc062723c751e8b465ee728b)  -> (artifact id: '1981f4b742c0acf2862c553eb0c9e47e') in 0.251499 seconds 
  Import took 0.336782 seconds .

========================================================================
Received Import Request.
  Time since last request: 0.000541 seconds.
  path: Assets/PolygonSciFiSpace/Prefabs/FX/FX_Missiles.prefab
  artifactKey: Guid(a765fb16b0a48744e851ca9d06b331b1) Importer(815301076,1909f56bfc062723c751e8b465ee728b)
Start importing Assets/PolygonSciFiSpace/Prefabs/FX/FX_Missiles.prefab using Guid(a765fb16b0a48744e851ca9d06b331b1) Importer(815301076,1909f56bfc062723c751e8b465ee728b)  -> (artifact id: '235ee6cef346c63a614f621b1f3228b2') in 0.160815 seconds 
  Import took 0.200376 seconds .

========================================================================
Received Import Request.
  Time since last request: 0.000494 seconds.
  path: Assets/PolygonSciFiSpace/Prefabs/FX/FX_LightRayRound.prefab
  artifactKey: Guid(f75f632cd8eb73545ae070fb14c69333) Importer(815301076,1909f56bfc062723c751e8b465ee728b)
Start importing Assets/PolygonSciFiSpace/Prefabs/FX/FX_LightRayRound.prefab using Guid(f75f632cd8eb73545ae070fb14c69333) Importer(815301076,1909f56bfc062723c751e8b465ee728b)  -> (artifact id: '622f7f61d5c96e39b1e017ee3fff5987') in 0.100297 seconds 
  Import took 0.131161 seconds .

========================================================================
Received Import Request.
  Time since last request: 0.305650 seconds.
  path: Assets/PolygonSciFiSpace/Prefabs/FX/FX_Pebble_Debris.prefab
  artifactKey: Guid(f4428f3876530af48a50daf8fe3efdef) Importer(815301076,1909f56bfc062723c751e8b465ee728b)
Start importing Assets/PolygonSciFiSpace/Prefabs/FX/FX_Pebble_Debris.prefab using Guid(f4428f3876530af48a50daf8fe3efdef) Importer(815301076,1909f56bfc062723c751e8b465ee728b)  -> (artifact id: '6ee9fcda23904647fc5d8fbd1ef152c2') in 0.191511 seconds 
  Import took 0.196408 seconds .

========================================================================
Received Import Request.
  Time since last request: 0.000471 seconds.
  path: Assets/PolygonSciFiSpace/Prefabs/FX/FX_Ship_Trail.prefab
  artifactKey: Guid(a040b23558fd6b442819f2618ade38b7) Importer(815301076,1909f56bfc062723c751e8b465ee728b)
Start importing Assets/PolygonSciFiSpace/Prefabs/FX/FX_Ship_Trail.prefab using Guid(a040b23558fd6b442819f2618ade38b7) Importer(815301076,1909f56bfc062723c751e8b465ee728b)  -> (artifact id: '91f3ff91a04ab96e5496ede9a8277567') in 0.023644 seconds 
  Import took 0.053994 seconds .

========================================================================
Received Import Request.
  Time since last request: 0.000464 seconds.
  path: Assets/PolygonSciFiSpace/Prefabs/FX/FX_SpaceClouds.prefab
  artifactKey: Guid(2325110187a3df24ab95d62bcbcb723c) Importer(815301076,1909f56bfc062723c751e8b465ee728b)
Start importing Assets/PolygonSciFiSpace/Prefabs/FX/FX_SpaceClouds.prefab using Guid(2325110187a3df24ab95d62bcbcb723c) Importer(815301076,1909f56bfc062723c751e8b465ee728b)  -> (artifact id: 'de9692f1b88f2ea9d9ed00349dbc6abd') in 0.231310 seconds 
  Import took 0.478338 seconds .

========================================================================
Received Import Request.
  Time since last request: 0.061199 seconds.
  path: Assets/PolygonSciFiSpace/Prefabs/FX/FX_SpaceDust_Localspace.prefab
  artifactKey: Guid(5e44aa63e67267e4bb93c731f4bb1414) Importer(815301076,1909f56bfc062723c751e8b465ee728b)
Start importing Assets/PolygonSciFiSpace/Prefabs/FX/FX_SpaceDust_Localspace.prefab using Guid(5e44aa63e67267e4bb93c731f4bb1414) Importer(815301076,1909f56bfc062723c751e8b465ee728b)  -> (artifact id: 'cb0dd1d44817101724b944c73c769d05') in 0.096527 seconds 
  Import took 0.156948 seconds .

========================================================================
Received Import Request.
  Time since last request: 0.000601 seconds.
  path: Assets/PolygonSciFiSpace/Prefabs/FX/FX_SpaceDust_Worldspace.prefab
  artifactKey: Guid(13e60edaee031c249acd2144409ba0b9) Importer(815301076,1909f56bfc062723c751e8b465ee728b)
Start importing Assets/PolygonSciFiSpace/Prefabs/FX/FX_SpaceDust_Worldspace.prefab using Guid(13e60edaee031c249acd2144409ba0b9) Importer(815301076,1909f56bfc062723c751e8b465ee728b)  -> (artifact id: 'abda99f5b426ac3fe8921461d8f684c1') in 0.029406 seconds 
  Import took 0.046319 seconds .

========================================================================
Received Import Request.
  Time since last request: 0.000447 seconds.
  path: Assets/PolygonSciFiSpace/Prefabs/FX/FX_Steam.prefab
  artifactKey: Guid(96decb074303dd644930252238107cd6) Importer(815301076,1909f56bfc062723c751e8b465ee728b)
Start importing Assets/PolygonSciFiSpace/Prefabs/FX/FX_Steam.prefab using Guid(96decb074303dd644930252238107cd6) Importer(815301076,1909f56bfc062723c751e8b465ee728b)  -> (artifact id: 'd053ad8b7e5bfb1a9c59ed22046ee633') in 0.091704 seconds 
  Import took 0.135382 seconds .

========================================================================
Received Import Request.
  Time since last request: 2.160411 seconds.
  path: Assets/Prefab/Inimigo (1) Variant.prefab
  artifactKey: Guid(30e107b638157be49950d70fd8373985) Importer(815301076,1909f56bfc062723c751e8b465ee728b)
Start importing Assets/Prefab/Inimigo (1) Variant.prefab using Guid(30e107b638157be49950d70fd8373985) Importer(815301076,1909f56bfc062723c751e8b465ee728b)  -> (artifact id: '5f6c2c89cf4b05bcd19270228169f6d0') in 0.048282 seconds 
  Import took 0.098402 seconds .

========================================================================
Received Import Request.
  Time since last request: 6.637052 seconds.
  path: Assets/Prefab/Inimigo (1) Variant.prefab
  artifactKey: Guid(30e107b638157be49950d70fd8373985) Importer(815301076,1909f56bfc062723c751e8b465ee728b)
Start importing Assets/Prefab/Inimigo (1) Variant.prefab using Guid(30e107b638157be49950d70fd8373985) Importer(815301076,1909f56bfc062723c751e8b465ee728b)  -> (artifact id: 'fbb644d02cd79b088fc0b4c35daa8fa5') in 0.033682 seconds 
  Import took 0.039918 seconds .

========================================================================
Received Import Request.
  Time since last request: 114.227253 seconds.
  path: Assets/PolygonSciFiSpace/Prefabs/FX/FX_WarpTunnel.prefab
  artifactKey: Guid(4bdd8cc941230c2449d2f346767daa72) Importer(815301076,1909f56bfc062723c751e8b465ee728b)
Start importing Assets/PolygonSciFiSpace/Prefabs/FX/FX_WarpTunnel.prefab using Guid(4bdd8cc941230c2449d2f346767daa72) Importer(815301076,1909f56bfc062723c751e8b465ee728b)  -> (artifact id: 'ce6ac76ad49e880b96d9f5c4f49a3e28') in 0.394233 seconds 
  Import took 0.448035 seconds .

========================================================================
Received Import Request.
  Time since last request: 0.000541 seconds.
  path: Assets/PolygonSciFiSpace/Prefabs/Buildings/SM_Bld_Bridge_Ceiling_01.prefab
  artifactKey: Guid(17b70cfddb57ce74da1f902b5b085179) Importer(815301076,1909f56bfc062723c751e8b465ee728b)
Start importing Assets/PolygonSciFiSpace/Prefabs/Buildings/SM_Bld_Bridge_Ceiling_01.prefab using Guid(17b70cfddb57ce74da1f902b5b085179) Importer(815301076,1909f56bfc062723c751e8b465ee728b)  -> (artifact id: '3aade50285db8774c0a35b10367c0c60') in 0.380018 seconds 
  Import took 0.461450 seconds .

========================================================================
Received Import Request.
  Time since last request: 0.000609 seconds.
  path: Assets/PolygonSciFiSpace/Prefabs/Buildings/SM_Bld_Bridge_Console_Corner_01.prefab
  artifactKey: Guid(5e06e8d956b2b874d9c390b0cd7bfc21) Importer(815301076,1909f56bfc062723c751e8b465ee728b)
Start importing Assets/PolygonSciFiSpace/Prefabs/Buildings/SM_Bld_Bridge_Console_Corner_01.prefab using Guid(5e06e8d956b2b874d9c390b0cd7bfc21) Importer(815301076,1909f56bfc062723c751e8b465ee728b)  -> (artifact id: '79e1a1dcc00d0fff1af9cd849c746dc0') in 0.119025 seconds 
  Import took 0.161593 seconds .

========================================================================
Received Import Request.
  Time since last request: 0.000421 seconds.
  path: Assets/PolygonSciFiSpace/Prefabs/FX/FX_WarpTunnel_Dots.prefab
  artifactKey: Guid(1b1fbf5c6e21dcb4bb773f085e667393) Importer(815301076,1909f56bfc062723c751e8b465ee728b)
Start importing Assets/PolygonSciFiSpace/Prefabs/FX/FX_WarpTunnel_Dots.prefab using Guid(1b1fbf5c6e21dcb4bb773f085e667393) Importer(815301076,1909f56bfc062723c751e8b465ee728b)  -> (artifact id: 'a58f2a7ee21db4f104746f17392a9447') in 0.041670 seconds 
  Import took 0.071276 seconds .

========================================================================
Received Import Request.
  Time since last request: 0.000463 seconds.
  path: Assets/PolygonSciFiSpace/Prefabs/Buildings/SM_Bld_Bridge_Console_02.prefab
  artifactKey: Guid(20ec72632a405a342b71e22ea9624c42) Importer(815301076,1909f56bfc062723c751e8b465ee728b)
Start importing Assets/PolygonSciFiSpace/Prefabs/Buildings/SM_Bld_Bridge_Console_02.prefab using Guid(20ec72632a405a342b71e22ea9624c42) Importer(815301076,1909f56bfc062723c751e8b465ee728b)  -> (artifact id: '87b92348dcbde00a804aa0843a813e7d') in 0.033191 seconds 
  Import took 0.068110 seconds .

========================================================================
Received Import Request.
  Time since last request: 0.000407 seconds.
  path: Assets/PolygonSciFiSpace/Prefabs/Buildings/SM_Bld_Bridge_Chair_Captain_01.prefab
  artifactKey: Guid(d8b3fd841d886024dbb23b69fa362205) Importer(815301076,1909f56bfc062723c751e8b465ee728b)
Start importing Assets/PolygonSciFiSpace/Prefabs/Buildings/SM_Bld_Bridge_Chair_Captain_01.prefab using Guid(d8b3fd841d886024dbb23b69fa362205) Importer(815301076,1909f56bfc062723c751e8b465ee728b)  -> (artifact id: 'a4097846904699f33aaa8d7154bd7e7e') in 0.092326 seconds 
  Import took 0.119946 seconds .

========================================================================
Received Import Request.
  Time since last request: 0.000474 seconds.
  path: Assets/PolygonSciFiSpace/Prefabs/Buildings/SM_Bld_Bridge_Console_01.prefab
  artifactKey: Guid(e1b6e37c82544254e9939383381f87bf) Importer(815301076,1909f56bfc062723c751e8b465ee728b)
Start importing Assets/PolygonSciFiSpace/Prefabs/Buildings/SM_Bld_Bridge_Console_01.prefab using Guid(e1b6e37c82544254e9939383381f87bf) Importer(815301076,1909f56bfc062723c751e8b465ee728b)  -> (artifact id: '99e75f060362783948f4963f68767cf2') in 0.134700 seconds 
  Import took 0.151932 seconds .

========================================================================
Received Import Request.
  Time since last request: 0.000420 seconds.
  path: Assets/PolygonSciFiSpace/Prefabs/Buildings/SM_Bld_Bridge_Console_Corner_02.prefab
  artifactKey: Guid(a618996e954eb784b9ca879b3105e68c) Importer(815301076,1909f56bfc062723c751e8b465ee728b)
Start importing Assets/PolygonSciFiSpace/Prefabs/Buildings/SM_Bld_Bridge_Console_Corner_02.prefab using Guid(a618996e954eb784b9ca879b3105e68c) Importer(815301076,1909f56bfc062723c751e8b465ee728b)  -> (artifact id: '18a0a85022d588a5b62b39e58673b9a8') in 0.091294 seconds 
  Import took 0.097337 seconds .

========================================================================
Received Import Request.
  Time since last request: 0.000478 seconds.
  path: Assets/PolygonSciFiSpace/Prefabs/Buildings/SM_Bld_Bridge_Chair_01.prefab
  artifactKey: Guid(0fe57cbe887da074aa8887f594f75243) Importer(815301076,1909f56bfc062723c751e8b465ee728b)
Start importing Assets/PolygonSciFiSpace/Prefabs/Buildings/SM_Bld_Bridge_Chair_01.prefab using Guid(0fe57cbe887da074aa8887f594f75243) Importer(815301076,1909f56bfc062723c751e8b465ee728b)  -> (artifact id: '581e6dee162cd2899e26323e2f9d9fa4') in 0.112989 seconds 
  Import took 0.120128 seconds .

========================================================================
Received Import Request.
  Time since last request: 8.282905 seconds.
  path: Assets/PolygonSciFiSpace/Prefabs/Environment/SM_Env_Debris_Shell_06.prefab
  artifactKey: Guid(f72f6408e96652144941f2a39e441e7e) Importer(815301076,1909f56bfc062723c751e8b465ee728b)
Start importing Assets/PolygonSciFiSpace/Prefabs/Environment/SM_Env_Debris_Shell_06.prefab using Guid(f72f6408e96652144941f2a39e441e7e) Importer(815301076,1909f56bfc062723c751e8b465ee728b)  -> (artifact id: '5bde193fe57ea3076f806d713c8955e4') in 0.261723 seconds 
  Import took 0.326570 seconds .

========================================================================
Received Import Request.
  Time since last request: 0.000444 seconds.
  path: Assets/PolygonSciFiSpace/Prefabs/Environment/SM_Env_Debris_Shell_08.prefab
  artifactKey: Guid(3b7a720eafe7ab247a08d41e9d0913ed) Importer(815301076,1909f56bfc062723c751e8b465ee728b)
Start importing Assets/PolygonSciFiSpace/Prefabs/Environment/SM_Env_Debris_Shell_08.prefab using Guid(3b7a720eafe7ab247a08d41e9d0913ed) Importer(815301076,1909f56bfc062723c751e8b465ee728b)  -> (artifact id: '05081c485f9ebf3832d9167c6e2f3217') in 0.144540 seconds 
  Import took 0.247675 seconds .

========================================================================
Received Import Request.
  Time since last request: 0.000460 seconds.
  path: Assets/PolygonSciFiSpace/Prefabs/Environment/SM_Env_Debris_Shell_07.prefab
  artifactKey: Guid(d82175a569c86a94f80f974bde394a58) Importer(815301076,1909f56bfc062723c751e8b465ee728b)
Start importing Assets/PolygonSciFiSpace/Prefabs/Environment/SM_Env_Debris_Shell_07.prefab using Guid(d82175a569c86a94f80f974bde394a58) Importer(815301076,1909f56bfc062723c751e8b465ee728b)  -> (artifact id: 'a3167bef5f9e4232476e5235e0ffb357') in 0.109229 seconds 
  Import took 0.160932 seconds .

========================================================================
Received Import Request.
  Time since last request: 0.000598 seconds.
  path: Assets/PolygonSciFiSpace/Prefabs/Vehicles/SM_Ship_Fighter_Heavy_01.prefab
  artifactKey: Guid(3a4cdad4b75b5344eb3a3b6d07e0cb85) Importer(815301076,1909f56bfc062723c751e8b465ee728b)
Start importing Assets/PolygonSciFiSpace/Prefabs/Vehicles/SM_Ship_Fighter_Heavy_01.prefab using Guid(3a4cdad4b75b5344eb3a3b6d07e0cb85) Importer(815301076,1909f56bfc062723c751e8b465ee728b)  -> (artifact id: 'b3e9be0b9d6b79fc45d8ef39dddc1fba') in 0.134799 seconds 
  Import took 0.150531 seconds .

========================================================================
Received Import Request.
  Time since last request: 0.000416 seconds.
  path: Assets/PolygonSciFiSpace/Models/FX_Meshes/SM_SphereInverted.fbx
  artifactKey: Guid(40085716bce2da64c97184ec5aab3c1e) Importer(815301076,1909f56bfc062723c751e8b465ee728b)
Start importing Assets/PolygonSciFiSpace/Models/FX_Meshes/SM_SphereInverted.fbx using Guid(40085716bce2da64c97184ec5aab3c1e) Importer(815301076,1909f56bfc062723c751e8b465ee728b)  -> (artifact id: 'ce67765326de73b22a76dcfb9190bce1') in 0.501445 seconds 
  Import took 0.507510 seconds .

========================================================================
Received Import Request.
  Time since last request: 0.000473 seconds.
  path: Assets/PolygonSciFiSpace/Prefabs/Props/SM_Prop_Crate_health_01.prefab
  artifactKey: Guid(f1c03e36cea56a94fa6f58010cc58f51) Importer(815301076,1909f56bfc062723c751e8b465ee728b)
Start importing Assets/PolygonSciFiSpace/Prefabs/Props/SM_Prop_Crate_health_01.prefab using Guid(f1c03e36cea56a94fa6f58010cc58f51) Importer(815301076,1909f56bfc062723c751e8b465ee728b)  -> (artifact id: 'cdb47bbfafb9818b6a42567005e613ca') in 0.072597 seconds 
  Import took 0.123201 seconds .

========================================================================
Received Import Request.
  Time since last request: 0.000419 seconds.
  path: Assets/PolygonSciFiSpace/Prefabs/Props/SM_Prop_Crate_health_02.prefab
  artifactKey: Guid(dbdfb41b17738074ca0cccc9389a8206) Importer(815301076,1909f56bfc062723c751e8b465ee728b)
Start importing Assets/PolygonSciFiSpace/Prefabs/Props/SM_Prop_Crate_health_02.prefab using Guid(dbdfb41b17738074ca0cccc9389a8206) Importer(815301076,1909f56bfc062723c751e8b465ee728b)  -> (artifact id: '0cf4e9a4d3fa061b05f883592f400b4d') in 0.080117 seconds 
  Import took 0.112987 seconds .

========================================================================
Received Import Request.
  Time since last request: 0.000452 seconds.
  path: Assets/PolygonSciFiSpace/Models/FX_Meshes/SM_SphereGeo.fbx
  artifactKey: Guid(b5e2b3d671f50464eaf7b8343c2f2a86) Importer(815301076,1909f56bfc062723c751e8b465ee728b)
Start importing Assets/PolygonSciFiSpace/Models/FX_Meshes/SM_SphereGeo.fbx using Guid(b5e2b3d671f50464eaf7b8343c2f2a86) Importer(815301076,1909f56bfc062723c751e8b465ee728b)  -> (artifact id: 'fff663705dcfa4e28081bd2aef46d12a') in 0.066903 seconds 
  Import took 0.072872 seconds .

========================================================================
Received Import Request.
  Time since last request: 0.000495 seconds.
  path: Assets/PolygonSciFiSpace/Prefabs/Props/SM_Prop_Solar_Hex_01.prefab
  artifactKey: Guid(17d88c4d7b51e9b46a8656ed6fb5cd94) Importer(815301076,1909f56bfc062723c751e8b465ee728b)
Start importing Assets/PolygonSciFiSpace/Prefabs/Props/SM_Prop_Solar_Hex_01.prefab using Guid(17d88c4d7b51e9b46a8656ed6fb5cd94) Importer(815301076,1909f56bfc062723c751e8b465ee728b)  -> (artifact id: '8c83cfbb14203c440ee1f2fd1c4d09b7') in 0.094973 seconds 
  Import took 0.100881 seconds .

========================================================================
Received Prepare
Registering precompiled user dll's ...
Registered in 0.006192 seconds.
Begin MonoManager ReloadAssembly
Native extension for WindowsStandalone target not found
Native extension for WebGL target not found
Refreshing native plugins compatible for Editor in 0.86 ms, found 3 plugins.
Preloading 0 native plugins for Editor in 0.00 ms.
Mono: successfully reloaded assembly
- Completed reload, in  1.578 seconds
Domain Reload Profiling:
	ReloadAssembly (1578ms)
		BeginReloadAssembly (174ms)
			ExecutionOrderSort (0ms)
			DisableScriptedObjects (6ms)
			BackupInstance (0ms)
			ReleaseScriptingObjects (0ms)
			CreateAndSetChildDomain (48ms)
		EndReloadAssembly (1314ms)
			LoadAssemblies (168ms)
			RebuildTransferFunctionScriptingTraits (0ms)
			SetupTypeCache (416ms)
			ReleaseScriptCaches (2ms)
			RebuildScriptCaches (79ms)
			SetupLoadedEditorAssemblies (492ms)
				LogAssemblyErrors (0ms)
				InitializePlatformSupportModulesInManaged (8ms)
				SetLoadedEditorAssemblies (1ms)
				RefreshPlugins (1ms)
				BeforeProcessingInitializeOnLoad (141ms)
				ProcessInitializeOnLoadAttributes (313ms)
				ProcessInitializeOnLoadMethodAttributes (15ms)
				AfterProcessingInitializeOnLoad (12ms)
				EditorAssembliesLoaded (0ms)
			ExecutionOrderSort2 (0ms)
			AwakeInstancesAfterBackupRestoration (19ms)
Platform modules already initialized, skipping
Refreshing native plugins compatible for Editor in 0.84 ms, found 3 plugins.
Preloading 0 native plugins for Editor in 0.00 ms.
Unloading 2056 Unused Serialized files (Serialized files now loaded: 0)
System memory in use before: 115.1 MB.
System memory in use after: 115.3 MB.

Unloading 15 unused Assets to reduce memory usage. Loaded Objects now: 2547.
Total: 4.363300 ms (FindLiveObjects: 0.319500 ms CreateObjectMapping: 0.135300 ms MarkObjects: 3.867300 ms  DeleteObjects: 0.039400 ms)

AssetImportParameters requested are different than current active one (requested -> active):
  custom:framework-win-MediaFoundation: 216162199b28c13a410421893ffa2e32 -> 
  custom:video-decoder-ogg-theora: a1e56fd34408186e4bbccfd4996cb3dc -> 
  custom:container-muxer-webm: aa71ff27fc2769a1b78a27578f13a17b -> 
  custom:container-demuxer-webm: 4f35f7cbe854078d1ac9338744f61a02 -> 
  custom:container-demuxer-ogg: 62fdf1f143b41e24485cea50d1cbac27 -> 
  custom:video-encoder-webm-vp8: eb34c28f22e8b96e1ab97ce403110664 -> 
  custom:video-decoder-webm-vp8: 9c59270c3fd7afecdb556c50c9e8de78 -> 
  custom:audio-decoder-ogg-vorbis: bf7c407c2cedff20999df2af8eb42d56 -> 
  custom:audio-encoder-webm-vorbis: bf7c407c2cedff20999df2af8eb42d56 -> 
========================================================================
Received Import Request.
  Time since last request: 13.151784 seconds.
  path: Assets/Prefab/Inimigo (1) Variant.prefab
  artifactKey: Guid(30e107b638157be49950d70fd8373985) Importer(815301076,1909f56bfc062723c751e8b465ee728b)
Start importing Assets/Prefab/Inimigo (1) Variant.prefab using Guid(30e107b638157be49950d70fd8373985) Importer(815301076,1909f56bfc062723c751e8b465ee728b)  -> (artifact id: '30bcd9be687aa332bf5ac2ec714f26cd') in 0.119528 seconds 
  Import took 0.150679 seconds .

========================================================================
Received Prepare
Registering precompiled user dll's ...
Registered in 0.006733 seconds.
Begin MonoManager ReloadAssembly
Native extension for WindowsStandalone target not found
Native extension for WebGL target not found
Refreshing native plugins compatible for Editor in 0.83 ms, found 3 plugins.
Preloading 0 native plugins for Editor in 0.00 ms.
Mono: successfully reloaded assembly
- Completed reload, in  1.590 seconds
Domain Reload Profiling:
	ReloadAssembly (1591ms)
		BeginReloadAssembly (179ms)
			ExecutionOrderSort (0ms)
			DisableScriptedObjects (7ms)
			BackupInstance (0ms)
			ReleaseScriptingObjects (0ms)
			CreateAndSetChildDomain (50ms)
		EndReloadAssembly (1285ms)
			LoadAssemblies (154ms)
			RebuildTransferFunctionScriptingTraits (0ms)
			SetupTypeCache (451ms)
			ReleaseScriptCaches (2ms)
			RebuildScriptCaches (60ms)
			SetupLoadedEditorAssemblies (484ms)
				LogAssemblyErrors (0ms)
				InitializePlatformSupportModulesInManaged (7ms)
				SetLoadedEditorAssemblies (1ms)
				RefreshPlugins (1ms)
				BeforeProcessingInitializeOnLoad (142ms)
				ProcessInitializeOnLoadAttributes (303ms)
				ProcessInitializeOnLoadMethodAttributes (16ms)
				AfterProcessingInitializeOnLoad (14ms)
				EditorAssembliesLoaded (0ms)
			ExecutionOrderSort2 (0ms)
			AwakeInstancesAfterBackupRestoration (14ms)
Platform modules already initialized, skipping
Refreshing native plugins compatible for Editor in 0.87 ms, found 3 plugins.
Preloading 0 native plugins for Editor in 0.00 ms.
Unloading 2056 Unused Serialized files (Serialized files now loaded: 0)
System memory in use before: 115.1 MB.
System memory in use after: 115.3 MB.

Unloading 14 unused Assets to reduce memory usage. Loaded Objects now: 2550.
Total: 4.420100 ms (FindLiveObjects: 0.259000 ms CreateObjectMapping: 0.071900 ms MarkObjects: 4.054700 ms  DeleteObjects: 0.032900 ms)

AssetImportParameters requested are different than current active one (requested -> active):
  custom:framework-win-MediaFoundation: 216162199b28c13a410421893ffa2e32 -> 
  custom:video-decoder-ogg-theora: a1e56fd34408186e4bbccfd4996cb3dc -> 
  custom:container-muxer-webm: aa71ff27fc2769a1b78a27578f13a17b -> 
  custom:container-demuxer-webm: 4f35f7cbe854078d1ac9338744f61a02 -> 
  custom:container-demuxer-ogg: 62fdf1f143b41e24485cea50d1cbac27 -> 
  custom:video-encoder-webm-vp8: eb34c28f22e8b96e1ab97ce403110664 -> 
  custom:video-decoder-webm-vp8: 9c59270c3fd7afecdb556c50c9e8de78 -> 
  custom:audio-decoder-ogg-vorbis: bf7c407c2cedff20999df2af8eb42d56 -> 
  custom:audio-encoder-webm-vorbis: bf7c407c2cedff20999df2af8eb42d56 -> 
========================================================================
Received Prepare
Registering precompiled user dll's ...
Registered in 0.006369 seconds.
Begin MonoManager ReloadAssembly
Native extension for WindowsStandalone target not found
Native extension for WebGL target not found
Refreshing native plugins compatible for Editor in 1.01 ms, found 3 plugins.
Preloading 0 native plugins for Editor in 0.00 ms.
Mono: successfully reloaded assembly
- Completed reload, in  1.640 seconds
Domain Reload Profiling:
	ReloadAssembly (1641ms)
		BeginReloadAssembly (175ms)
			ExecutionOrderSort (0ms)
			DisableScriptedObjects (9ms)
			BackupInstance (0ms)
			ReleaseScriptingObjects (0ms)
			CreateAndSetChildDomain (50ms)
		EndReloadAssembly (1368ms)
			LoadAssemblies (149ms)
			RebuildTransferFunctionScriptingTraits (0ms)
			SetupTypeCache (490ms)
			ReleaseScriptCaches (1ms)
			RebuildScriptCaches (57ms)
			SetupLoadedEditorAssemblies (527ms)
				LogAssemblyErrors (0ms)
				InitializePlatformSupportModulesInManaged (9ms)
				SetLoadedEditorAssemblies (2ms)
				RefreshPlugins (1ms)
				BeforeProcessingInitializeOnLoad (157ms)
				ProcessInitializeOnLoadAttributes (329ms)
				ProcessInitializeOnLoadMethodAttributes (14ms)
				AfterProcessingInitializeOnLoad (14ms)
				EditorAssembliesLoaded (0ms)
			ExecutionOrderSort2 (0ms)
			AwakeInstancesAfterBackupRestoration (12ms)
Platform modules already initialized, skipping
Refreshing native plugins compatible for Editor in 0.84 ms, found 3 plugins.
Preloading 0 native plugins for Editor in 0.00 ms.
Unloading 2056 Unused Serialized files (Serialized files now loaded: 0)
System memory in use before: 115.2 MB.
System memory in use after: 115.3 MB.

Unloading 14 unused Assets to reduce memory usage. Loaded Objects now: 2552.
Total: 3.972500 ms (FindLiveObjects: 0.225100 ms CreateObjectMapping: 0.057300 ms MarkObjects: 3.656900 ms  DeleteObjects: 0.031800 ms)

AssetImportParameters requested are different than current active one (requested -> active):
  custom:framework-win-MediaFoundation: 216162199b28c13a410421893ffa2e32 -> 
  custom:video-decoder-ogg-theora: a1e56fd34408186e4bbccfd4996cb3dc -> 
  custom:container-muxer-webm: aa71ff27fc2769a1b78a27578f13a17b -> 
  custom:container-demuxer-webm: 4f35f7cbe854078d1ac9338744f61a02 -> 
  custom:container-demuxer-ogg: 62fdf1f143b41e24485cea50d1cbac27 -> 
  custom:video-encoder-webm-vp8: eb34c28f22e8b96e1ab97ce403110664 -> 
  custom:video-decoder-webm-vp8: 9c59270c3fd7afecdb556c50c9e8de78 -> 
  custom:audio-decoder-ogg-vorbis: bf7c407c2cedff20999df2af8eb42d56 -> 
  custom:audio-encoder-webm-vorbis: bf7c407c2cedff20999df2af8eb42d56 -> 
AssetImportWorkerClient::OnTransportError - code=2 error=End of file
