Using pre-set license
Built from '2020.3/staging' branch; Version is '2020.3.29f1 (2ff179115da0) revision 3142009'; Using compiler version '192528614'; Build Type 'Release'
OS: 'Windows 10  (10.0.19043) 64bit CoreSingleLanguage' Language: 'pt' Physical Memory: 11164 MB
BatchMode: 1, IsHumanControllingUs: 0, StartBugReporterOnCrash: 0, Is64bit: 1, IsPro: 0

COMMAND LINE ARGUMENTS:
C:\Program Files\Unity\Hub\Editor\2020.3.29f1\Editor\Unity.exe
-adb2
-batchMode
-noUpm
-name
AssetImportWorker0
-projectPath
C:/Users/oalis/OneDrive/Área de Trabalho/Caderninho/Programação - Rodrigo/Challenge shooter
-logFile
Logs/AssetImportWorker0.log
-srvPort
62104
Successfully changed project path to: C:/Users/oalis/OneDrive/Área de Trabalho/Caderninho/Programação - Rodrigo/Challenge shooter
C:/Users/oalis/OneDrive/Área de Trabalho/Caderninho/Programação - Rodrigo/Challenge shooter
Using Asset Import Pipeline V2.
Refreshing native plugins compatible for Editor in 104.65 ms, found 3 plugins.
Preloading 0 native plugins for Editor in 0.00 ms.
Initialize engine version: 2020.3.29f1 (2ff179115da0)
[Subsystems] Discovering subsystems at path C:/Program Files/Unity/Hub/Editor/2020.3.29f1/Editor/Data/Resources/UnitySubsystems
[Subsystems] Discovering subsystems at path C:/Users/oalis/OneDrive/Área de Trabalho/Caderninho/Programação - Rodrigo/Challenge shooter/Assets
GfxDevice: creating device client; threaded=0
Direct3D:
    Version:  Direct3D 11.0 [level 11.1]
    Renderer: AMD Radeon(TM) Vega 8 Graphics (ID=0x15dd)
    Vendor:   
    VRAM:     5582 MB
    Driver:   26.20.12036.1
Initialize mono
Mono path[0] = 'C:/Program Files/Unity/Hub/Editor/2020.3.29f1/Editor/Data/Managed'
Mono path[1] = 'C:/Program Files/Unity/Hub/Editor/2020.3.29f1/Editor/Data/MonoBleedingEdge/lib/mono/unityjit'
Mono config path = 'C:/Program Files/Unity/Hub/Editor/2020.3.29f1/Editor/Data/MonoBleedingEdge/etc'
Using monoOptions --debugger-agent=transport=dt_socket,embedding=1,server=y,suspend=n,address=127.0.0.1:56944
Begin MonoManager ReloadAssembly
Registering precompiled unity dll's ...
Register platform support module: C:/Program Files/Unity/Hub/Editor/2020.3.29f1/Editor/Data/PlaybackEngines/WebGLSupport/UnityEditor.WebGL.Extensions.dll
Register platform support module: C:/Program Files/Unity/Hub/Editor/2020.3.29f1/Editor/Data/PlaybackEngines/WindowsStandaloneSupport/UnityEditor.WindowsStandalone.Extensions.dll
Registered in 0.006360 seconds.
Native extension for WindowsStandalone target not found
Native extension for WebGL target not found
Refreshing native plugins compatible for Editor in 79.55 ms, found 3 plugins.
Preloading 0 native plugins for Editor in 0.00 ms.
Mono: successfully reloaded assembly
- Completed reload, in  1.155 seconds
Domain Reload Profiling:
	ReloadAssembly (1156ms)
		BeginReloadAssembly (197ms)
			ExecutionOrderSort (0ms)
			DisableScriptedObjects (0ms)
			BackupInstance (0ms)
			ReleaseScriptingObjects (0ms)
			CreateAndSetChildDomain (2ms)
		EndReloadAssembly (798ms)
			LoadAssemblies (191ms)
			RebuildTransferFunctionScriptingTraits (0ms)
			SetupTypeCache (233ms)
			ReleaseScriptCaches (0ms)
			RebuildScriptCaches (48ms)
			SetupLoadedEditorAssemblies (343ms)
				LogAssemblyErrors (0ms)
				InitializePlatformSupportModulesInManaged (7ms)
				SetLoadedEditorAssemblies (0ms)
				RefreshPlugins (80ms)
				BeforeProcessingInitializeOnLoad (27ms)
				ProcessInitializeOnLoadAttributes (147ms)
				ProcessInitializeOnLoadMethodAttributes (81ms)
				AfterProcessingInitializeOnLoad (0ms)
				EditorAssembliesLoaded (0ms)
			ExecutionOrderSort2 (0ms)
			AwakeInstancesAfterBackupRestoration (0ms)
Platform modules already initialized, skipping
Registering precompiled user dll's ...
Registered in 0.006609 seconds.
Begin MonoManager ReloadAssembly
Native extension for WindowsStandalone target not found
Native extension for WebGL target not found
Refreshing native plugins compatible for Editor in 127.67 ms, found 3 plugins.
Preloading 0 native plugins for Editor in 0.00 ms.
Mono: successfully reloaded assembly
- Completed reload, in  2.481 seconds
Domain Reload Profiling:
	ReloadAssembly (2483ms)
		BeginReloadAssembly (358ms)
			ExecutionOrderSort (0ms)
			DisableScriptedObjects (10ms)
			BackupInstance (0ms)
			ReleaseScriptingObjects (0ms)
			CreateAndSetChildDomain (53ms)
		EndReloadAssembly (1983ms)
			LoadAssemblies (247ms)
			RebuildTransferFunctionScriptingTraits (0ms)
			SetupTypeCache (650ms)
			ReleaseScriptCaches (1ms)
			RebuildScriptCaches (99ms)
			SetupLoadedEditorAssemblies (754ms)
				LogAssemblyErrors (0ms)
				InitializePlatformSupportModulesInManaged (11ms)
				SetLoadedEditorAssemblies (0ms)
				RefreshPlugins (128ms)
				BeforeProcessingInitializeOnLoad (177ms)
				ProcessInitializeOnLoadAttributes (400ms)
				ProcessInitializeOnLoadMethodAttributes (23ms)
				AfterProcessingInitializeOnLoad (13ms)
				EditorAssembliesLoaded (0ms)
			ExecutionOrderSort2 (0ms)
			AwakeInstancesAfterBackupRestoration (11ms)
Platform modules already initialized, skipping
========================================================================
Worker process is ready to serve import requests
Launched and connected shader compiler UnityShaderCompiler.exe after 0.55 seconds
Refreshing native plugins compatible for Editor in 1.53 ms, found 3 plugins.
Preloading 0 native plugins for Editor in 0.00 ms.
Unloading 2072 Unused Serialized files (Serialized files now loaded: 0)
System memory in use before: 98.9 MB.
System memory in use after: 99.0 MB.

Unloading 21 unused Assets to reduce memory usage. Loaded Objects now: 2508.
Total: 4.576900 ms (FindLiveObjects: 0.240400 ms CreateObjectMapping: 0.080500 ms MarkObjects: 4.127600 ms  DeleteObjects: 0.126800 ms)

AssetImportParameters requested are different than current active one (requested -> active):
  custom:framework-win-MediaFoundation: 216162199b28c13a410421893ffa2e32 -> 
  custom:video-decoder-ogg-theora: a1e56fd34408186e4bbccfd4996cb3dc -> 
  custom:container-muxer-webm: aa71ff27fc2769a1b78a27578f13a17b -> 
  custom:container-demuxer-webm: 4f35f7cbe854078d1ac9338744f61a02 -> 
  custom:container-demuxer-ogg: 62fdf1f143b41e24485cea50d1cbac27 -> 
  custom:video-encoder-webm-vp8: eb34c28f22e8b96e1ab97ce403110664 -> 
  custom:video-decoder-webm-vp8: 9c59270c3fd7afecdb556c50c9e8de78 -> 
  custom:audio-decoder-ogg-vorbis: bf7c407c2cedff20999df2af8eb42d56 -> 
  custom:audio-encoder-webm-vorbis: bf7c407c2cedff20999df2af8eb42d56 -> 
========================================================================
Received Import Request.
  path: Assets/PolygonSciFiSpace/Materials/Planet_Materials/PolygonSpace_Planet_Lines_03_E.mat
  artifactKey: Guid(f49294da54f38ec4d842929801c5838b) Importer(815301076,1909f56bfc062723c751e8b465ee728b)
Start importing Assets/PolygonSciFiSpace/Materials/Planet_Materials/PolygonSpace_Planet_Lines_03_E.mat using Guid(f49294da54f38ec4d842929801c5838b) Importer(815301076,1909f56bfc062723c751e8b465ee728b)  -> (artifact id: 'b97997e432b209368d79f82ad2856ebc') in 0.891203 seconds 
  Import took 0.974635 seconds .

========================================================================
Received Import Request.
  Time since last request: 0.000459 seconds.
  path: Assets/PolygonSciFiSpace/Materials/Planet_Materials/PolygonSpace_Planet_Lines_03_B.mat
  artifactKey: Guid(75b88a7ae0f30754ca4709a6f380d872) Importer(815301076,1909f56bfc062723c751e8b465ee728b)
Start importing Assets/PolygonSciFiSpace/Materials/Planet_Materials/PolygonSpace_Planet_Lines_03_B.mat using Guid(75b88a7ae0f30754ca4709a6f380d872) Importer(815301076,1909f56bfc062723c751e8b465ee728b)  -> (artifact id: 'ed01272b7514f8e1d1d39944b7cce7ae') in 0.117968 seconds 
  Import took 0.166183 seconds .

========================================================================
Received Import Request.
  Time since last request: 0.000565 seconds.
  path: Assets/PolygonSciFiSpace/Materials/Planet_Materials/PolygonSpace_Planet_Lines_03_F.mat
  artifactKey: Guid(25cae7cd49ecd234d97d823685fb8aa0) Importer(815301076,1909f56bfc062723c751e8b465ee728b)
Start importing Assets/PolygonSciFiSpace/Materials/Planet_Materials/PolygonSpace_Planet_Lines_03_F.mat using Guid(25cae7cd49ecd234d97d823685fb8aa0) Importer(815301076,1909f56bfc062723c751e8b465ee728b)  -> (artifact id: '20892575cce116e40708d968012172c8') in 0.042553 seconds 
  Import took 0.095534 seconds .

========================================================================
Received Import Request.
  Time since last request: 0.000424 seconds.
  path: Assets/PolygonSciFiSpace/Materials/Planet_Materials/PolygonSpace_Planet_Lines_03_C.mat
  artifactKey: Guid(07dbc31265bdd59498403bb57aff3705) Importer(815301076,1909f56bfc062723c751e8b465ee728b)
Start importing Assets/PolygonSciFiSpace/Materials/Planet_Materials/PolygonSpace_Planet_Lines_03_C.mat using Guid(07dbc31265bdd59498403bb57aff3705) Importer(815301076,1909f56bfc062723c751e8b465ee728b)  -> (artifact id: '146d88b20b14fe84eb13ff59992e08c4') in 0.029102 seconds 
  Import took 0.059900 seconds .

========================================================================
Received Import Request.
  Time since last request: 0.000480 seconds.
  path: Assets/PolygonSciFiSpace/Materials/Planet_Materials/PolygonSpace_Planet_Lines_02_F.mat
  artifactKey: Guid(843219c1de3a00c43ae1a19123f5890e) Importer(815301076,1909f56bfc062723c751e8b465ee728b)
Start importing Assets/PolygonSciFiSpace/Materials/Planet_Materials/PolygonSpace_Planet_Lines_02_F.mat using Guid(843219c1de3a00c43ae1a19123f5890e) Importer(815301076,1909f56bfc062723c751e8b465ee728b)  -> (artifact id: '041228c821fa59a1a4e16f9e4cf0554b') in 0.053511 seconds 
  Import took 0.105642 seconds .

========================================================================
Received Import Request.
  Time since last request: 0.000598 seconds.
  path: Assets/PolygonSciFiSpace/Materials/Planet_Materials/PolygonSpace_Planet_Lines_03_A.mat
  artifactKey: Guid(4321dd3b53da5eb41a38585710f15c97) Importer(815301076,1909f56bfc062723c751e8b465ee728b)
Start importing Assets/PolygonSciFiSpace/Materials/Planet_Materials/PolygonSpace_Planet_Lines_03_A.mat using Guid(4321dd3b53da5eb41a38585710f15c97) Importer(815301076,1909f56bfc062723c751e8b465ee728b)  -> (artifact id: 'c95e129891a1ac3b75b44140409ae1be') in 0.030907 seconds 
  Import took 0.082230 seconds .

========================================================================
Received Import Request.
  Time since last request: 0.000617 seconds.
  path: Assets/PolygonSciFiSpace/Materials/Planet_Materials/PolygonSpace_Planet_Lines_03_D.mat
  artifactKey: Guid(c297a32c3099e07479cfabab9f30732a) Importer(815301076,1909f56bfc062723c751e8b465ee728b)
Start importing Assets/PolygonSciFiSpace/Materials/Planet_Materials/PolygonSpace_Planet_Lines_03_D.mat using Guid(c297a32c3099e07479cfabab9f30732a) Importer(815301076,1909f56bfc062723c751e8b465ee728b)  -> (artifact id: '1ca277c8f27ff8240a82e3b91730dc44') in 0.075491 seconds 
  Import took 0.081609 seconds .

========================================================================
Received Import Request.
  Time since last request: 0.000448 seconds.
  path: Assets/PolygonSciFiSpace/Materials/Misc/Weapons_Energy.mat
  artifactKey: Guid(ec466da1dba1edc45afc5ede3c7da96e) Importer(815301076,1909f56bfc062723c751e8b465ee728b)
Start importing Assets/PolygonSciFiSpace/Materials/Misc/Weapons_Energy.mat using Guid(ec466da1dba1edc45afc5ede3c7da96e) Importer(815301076,1909f56bfc062723c751e8b465ee728b)  -> (artifact id: '97f63b9830b70d21a38e0aefdcde1478') in 0.721438 seconds 
  Import took 0.771084 seconds .

========================================================================
Received Import Request.
  Time since last request: 0.000493 seconds.
  path: Assets/PolygonSciFiSpace/Materials/Planet_Materials/PolygonSpace_Sun.mat
  artifactKey: Guid(20420331768a35e4db54bac675c22269) Importer(815301076,1909f56bfc062723c751e8b465ee728b)
Start importing Assets/PolygonSciFiSpace/Materials/Planet_Materials/PolygonSpace_Sun.mat using Guid(20420331768a35e4db54bac675c22269) Importer(815301076,1909f56bfc062723c751e8b465ee728b)  -> (artifact id: 'e47caea8c99212ce21cbcbb5fb327883') in 0.081179 seconds 
  Import took 0.086492 seconds .

========================================================================
Received Import Request.
  Time since last request: 75.010211 seconds.
  path: Assets/PolygonSciFiSpace/Materials/Planet_Materials/PolygonSpace_Planet_Lines_02_C.mat
  artifactKey: Guid(cf8172e935d39294aa17e9348aa50127) Importer(815301076,1909f56bfc062723c751e8b465ee728b)
Start importing Assets/PolygonSciFiSpace/Materials/Planet_Materials/PolygonSpace_Planet_Lines_02_C.mat using Guid(cf8172e935d39294aa17e9348aa50127) Importer(815301076,1909f56bfc062723c751e8b465ee728b)  -> (artifact id: '23568438018e320955cb0616b85eb494') in 0.163855 seconds 
  Import took 0.241201 seconds .

========================================================================
Received Import Request.
  Time since last request: 0.000507 seconds.
  path: Assets/PolygonSciFiSpace/Materials/Planet_Materials/PolygonSpace_Planet_Lines_02_D.mat
  artifactKey: Guid(956699b20f8d66f4da211171e027e938) Importer(815301076,1909f56bfc062723c751e8b465ee728b)
Start importing Assets/PolygonSciFiSpace/Materials/Planet_Materials/PolygonSpace_Planet_Lines_02_D.mat using Guid(956699b20f8d66f4da211171e027e938) Importer(815301076,1909f56bfc062723c751e8b465ee728b)  -> (artifact id: '11d57348d7062849172ca96ed71ef84a') in 0.031152 seconds 
  Import took 0.066460 seconds .

========================================================================
Received Import Request.
  Time since last request: 0.000530 seconds.
  path: Assets/PolygonSciFiSpace/Materials/Planet_Materials/PolygonSpace_Planet_Lines_02_E.mat
  artifactKey: Guid(0d5676d48fb87f14f953e5151571f879) Importer(815301076,1909f56bfc062723c751e8b465ee728b)
Start importing Assets/PolygonSciFiSpace/Materials/Planet_Materials/PolygonSpace_Planet_Lines_02_E.mat using Guid(0d5676d48fb87f14f953e5151571f879) Importer(815301076,1909f56bfc062723c751e8b465ee728b)  -> (artifact id: '256a79bf1923790b388711448390f7ae') in 0.058011 seconds 
  Import took 0.128666 seconds .

========================================================================
Received Import Request.
  Time since last request: 0.132002 seconds.
  path: Assets/PolygonSciFiSpace/Materials/Planet_Materials/PolygonSpace_Planet_Lines_01_F.mat
  artifactKey: Guid(b15f4c9eaf1428140a5c7c0cb1fad686) Importer(815301076,1909f56bfc062723c751e8b465ee728b)
Start importing Assets/PolygonSciFiSpace/Materials/Planet_Materials/PolygonSpace_Planet_Lines_01_F.mat using Guid(b15f4c9eaf1428140a5c7c0cb1fad686) Importer(815301076,1909f56bfc062723c751e8b465ee728b)  -> (artifact id: '4c57524c59bd7d11363c4a237ac5603b') in 0.081646 seconds 
  Import took 0.167202 seconds .

========================================================================
Received Import Request.
  Time since last request: 0.000529 seconds.
  path: Assets/PolygonSciFiSpace/Materials/Planet_Materials/PolygonSpace_Planet_Lines_01_E.mat
  artifactKey: Guid(dfa6de1631e5e0946bb53a3e7510cf41) Importer(815301076,1909f56bfc062723c751e8b465ee728b)
Start importing Assets/PolygonSciFiSpace/Materials/Planet_Materials/PolygonSpace_Planet_Lines_01_E.mat using Guid(dfa6de1631e5e0946bb53a3e7510cf41) Importer(815301076,1909f56bfc062723c751e8b465ee728b)  -> (artifact id: '2d338dd7e9cf7d08e5d6f149f7d2fd74') in 0.029577 seconds 
  Import took 0.041954 seconds .

========================================================================
Received Import Request.
  Time since last request: 0.000478 seconds.
  path: Assets/PolygonSciFiSpace/Materials/Planet_Materials/PolygonSpace_Planet_Lines_01_C.mat
  artifactKey: Guid(00d50f978d01d914e8ef8179fd6eb64a) Importer(815301076,1909f56bfc062723c751e8b465ee728b)
Start importing Assets/PolygonSciFiSpace/Materials/Planet_Materials/PolygonSpace_Planet_Lines_01_C.mat using Guid(00d50f978d01d914e8ef8179fd6eb64a) Importer(815301076,1909f56bfc062723c751e8b465ee728b)  -> (artifact id: '45ff027fe19f0c0bb58f3d1c72e0df6c') in 0.031429 seconds 
  Import took 0.081879 seconds .

========================================================================
Received Import Request.
  Time since last request: 0.000493 seconds.
  path: Assets/PolygonSciFiSpace/Materials/Planet_Materials/PolygonSpace_Planet_Lines_02_A.mat
  artifactKey: Guid(4826d451338cccd49befb672cb9c1933) Importer(815301076,1909f56bfc062723c751e8b465ee728b)
Start importing Assets/PolygonSciFiSpace/Materials/Planet_Materials/PolygonSpace_Planet_Lines_02_A.mat using Guid(4826d451338cccd49befb672cb9c1933) Importer(815301076,1909f56bfc062723c751e8b465ee728b)  -> (artifact id: '5f42748e2f96cace5ce7b26611fad1ce') in 0.028664 seconds 
  Import took 0.055881 seconds .

========================================================================
Received Import Request.
  Time since last request: 0.000508 seconds.
  path: Assets/PolygonSciFiSpace/Materials/Planet_Materials/PolygonSpace_Planet_Lines_01_D.mat
  artifactKey: Guid(20e4cf057c600f04eb0257bcbc7cfe25) Importer(815301076,1909f56bfc062723c751e8b465ee728b)
Start importing Assets/PolygonSciFiSpace/Materials/Planet_Materials/PolygonSpace_Planet_Lines_01_D.mat using Guid(20e4cf057c600f04eb0257bcbc7cfe25) Importer(815301076,1909f56bfc062723c751e8b465ee728b)  -> (artifact id: '03103c89da2242bd0605129af4014ebc') in 0.030887 seconds 
  Import took 0.067922 seconds .

========================================================================
Received Import Request.
  Time since last request: 0.000608 seconds.
  path: Assets/PolygonSciFiSpace/Materials/Planet_Materials/PolygonSpace_Planet_Lines_02_B.mat
  artifactKey: Guid(dc057b31df0f97245ba2e522a1898bed) Importer(815301076,1909f56bfc062723c751e8b465ee728b)
Start importing Assets/PolygonSciFiSpace/Materials/Planet_Materials/PolygonSpace_Planet_Lines_02_B.mat using Guid(dc057b31df0f97245ba2e522a1898bed) Importer(815301076,1909f56bfc062723c751e8b465ee728b)  -> (artifact id: '4117bebd934d2f7ecb7d7cd724d4c291') in 0.031092 seconds 
  Import took 0.051488 seconds .

========================================================================
Received Import Request.
  Time since last request: 1.889561 seconds.
  path: Assets/PolygonSciFiSpace/Materials/Planet_Materials/PolygonSpace_Planet_03_F.mat
  artifactKey: Guid(f250cd59ae5057a459a2ee38ecf11b51) Importer(815301076,1909f56bfc062723c751e8b465ee728b)
Start importing Assets/PolygonSciFiSpace/Materials/Planet_Materials/PolygonSpace_Planet_03_F.mat using Guid(f250cd59ae5057a459a2ee38ecf11b51) Importer(815301076,1909f56bfc062723c751e8b465ee728b)  -> (artifact id: '44c14f2d47805bb1fc335a735eb272a9') in 1.393819 seconds 
  Import took 1.478560 seconds .

========================================================================
Received Import Request.
  Time since last request: 0.000429 seconds.
  path: Assets/PolygonSciFiSpace/Materials/Planet_Materials/PolygonSpace_Planet_Lines_01_B.mat
  artifactKey: Guid(c79143b0d6739c9448e7836ffbf796ba) Importer(815301076,1909f56bfc062723c751e8b465ee728b)
Start importing Assets/PolygonSciFiSpace/Materials/Planet_Materials/PolygonSpace_Planet_Lines_01_B.mat using Guid(c79143b0d6739c9448e7836ffbf796ba) Importer(815301076,1909f56bfc062723c751e8b465ee728b)  -> (artifact id: 'af58f3402a68351d52f8b35bb13a9602') in 0.128334 seconds 
  Import took 0.174924 seconds .

========================================================================
Received Import Request.
  Time since last request: 0.000501 seconds.
  path: Assets/PolygonSciFiSpace/Materials/Planet_Materials/PolygonSpace_Planet_03_E.mat
  artifactKey: Guid(a2f9e360438836e4680a2bb3c005161c) Importer(815301076,1909f56bfc062723c751e8b465ee728b)
Start importing Assets/PolygonSciFiSpace/Materials/Planet_Materials/PolygonSpace_Planet_03_E.mat using Guid(a2f9e360438836e4680a2bb3c005161c) Importer(815301076,1909f56bfc062723c751e8b465ee728b)  -> (artifact id: '32e8acf231d691436fe4cdb731ec2cde') in 0.130666 seconds 
  Import took 0.172568 seconds .

========================================================================
Received Import Request.
  Time since last request: 0.000496 seconds.
  path: Assets/PolygonSciFiSpace/Materials/Planet_Materials/PolygonSpace_Planet_03_D.mat
  artifactKey: Guid(68d178ccb7d4c854ab101a41cbd5f649) Importer(815301076,1909f56bfc062723c751e8b465ee728b)
Start importing Assets/PolygonSciFiSpace/Materials/Planet_Materials/PolygonSpace_Planet_03_D.mat using Guid(68d178ccb7d4c854ab101a41cbd5f649) Importer(815301076,1909f56bfc062723c751e8b465ee728b)  -> (artifact id: '0a49764dad6203d3fc075e793c14a21e') in 0.046206 seconds 
  Import took 0.258684 seconds .

========================================================================
Received Import Request.
  Time since last request: 0.003624 seconds.
  path: Assets/PolygonSciFiSpace/Materials/Planet_Materials/PolygonSpace_Planet_Lines_01_A.mat
  artifactKey: Guid(59ddaf0b08137c746bf06ef7ee5f184a) Importer(815301076,1909f56bfc062723c751e8b465ee728b)
Start importing Assets/PolygonSciFiSpace/Materials/Planet_Materials/PolygonSpace_Planet_Lines_01_A.mat using Guid(59ddaf0b08137c746bf06ef7ee5f184a) Importer(815301076,1909f56bfc062723c751e8b465ee728b)  -> (artifact id: '7def2879b6ebbbfc70b499abdd808995') in 0.139279 seconds 
  Import took 0.157087 seconds .

========================================================================
Received Import Request.
  Time since last request: 0.000515 seconds.
  path: Assets/PolygonSciFiSpace/Materials/Planet_Materials/PolygonSpace_Planet_02_F.mat
  artifactKey: Guid(170254348807f5045abe6dc91fa629db) Importer(815301076,1909f56bfc062723c751e8b465ee728b)
Start importing Assets/PolygonSciFiSpace/Materials/Planet_Materials/PolygonSpace_Planet_02_F.mat using Guid(170254348807f5045abe6dc91fa629db) Importer(815301076,1909f56bfc062723c751e8b465ee728b)  -> (artifact id: 'e1ddbb100233717ae0fd8cf1726d5fc5') in 0.099776 seconds 
  Import took 0.203347 seconds .

========================================================================
Received Import Request.
  Time since last request: 0.000795 seconds.
  path: Assets/PolygonSciFiSpace/Materials/Planet_Materials/PolygonSpace_Planet_03_B.mat
  artifactKey: Guid(a66e2a128f1a6cf40a2c07ae3c7e9b85) Importer(815301076,1909f56bfc062723c751e8b465ee728b)
Start importing Assets/PolygonSciFiSpace/Materials/Planet_Materials/PolygonSpace_Planet_03_B.mat using Guid(a66e2a128f1a6cf40a2c07ae3c7e9b85) Importer(815301076,1909f56bfc062723c751e8b465ee728b)  -> (artifact id: '2d47ce200a560e14d333969199edf7f9') in 0.119709 seconds 
  Import took 0.126137 seconds .

========================================================================
Received Import Request.
  Time since last request: 0.000376 seconds.
  path: Assets/PolygonSciFiSpace/Materials/Planet_Materials/PolygonSpace_Planet_03_A.mat
  artifactKey: Guid(17899a17ecbc5af458577619706d7119) Importer(815301076,1909f56bfc062723c751e8b465ee728b)
Start importing Assets/PolygonSciFiSpace/Materials/Planet_Materials/PolygonSpace_Planet_03_A.mat using Guid(17899a17ecbc5af458577619706d7119) Importer(815301076,1909f56bfc062723c751e8b465ee728b)  -> (artifact id: '90557db5d26ff0c7fbab0a2ec7616ecf') in 0.068101 seconds 
  Import took 0.106935 seconds .

========================================================================
Received Import Request.
  Time since last request: 0.000506 seconds.
  path: Assets/PolygonSciFiSpace/Materials/Planet_Materials/PolygonSpace_Planet_03_C.mat
  artifactKey: Guid(73bc46724f8d8004c989cdf92f4a9902) Importer(815301076,1909f56bfc062723c751e8b465ee728b)
Start importing Assets/PolygonSciFiSpace/Materials/Planet_Materials/PolygonSpace_Planet_03_C.mat using Guid(73bc46724f8d8004c989cdf92f4a9902) Importer(815301076,1909f56bfc062723c751e8b465ee728b)  -> (artifact id: '0557dd91800347a514ebed7b3e2d57c4') in 0.044219 seconds 
  Import took 0.087199 seconds .

========================================================================
Received Import Request.
  Time since last request: 4.509230 seconds.
  path: Assets/PolygonSciFiSpace/Materials/Planet_Materials/PolygonSpace_Planet_02_C.mat
  artifactKey: Guid(60833281b2e436d4892638469ac7ea05) Importer(815301076,1909f56bfc062723c751e8b465ee728b)
Start importing Assets/PolygonSciFiSpace/Materials/Planet_Materials/PolygonSpace_Planet_02_C.mat using Guid(60833281b2e436d4892638469ac7ea05) Importer(815301076,1909f56bfc062723c751e8b465ee728b)  -> (artifact id: '6eddc270e976c1f2a4ce6d4712d74787') in 0.057445 seconds 
  Import took 0.099913 seconds .

========================================================================
Received Import Request.
  Time since last request: 0.000642 seconds.
  path: Assets/PolygonSciFiSpace/Materials/Planet_Materials/PolygonSpace_Planet_02_E.mat
  artifactKey: Guid(6f53022fc0971c34abcc05a73c627903) Importer(815301076,1909f56bfc062723c751e8b465ee728b)
Start importing Assets/PolygonSciFiSpace/Materials/Planet_Materials/PolygonSpace_Planet_02_E.mat using Guid(6f53022fc0971c34abcc05a73c627903) Importer(815301076,1909f56bfc062723c751e8b465ee728b)  -> (artifact id: '30521bf7388da30572c3b4bb0c25a991') in 0.031823 seconds 
  Import took 0.049453 seconds .

========================================================================
Received Import Request.
  Time since last request: 0.000467 seconds.
  path: Assets/PolygonSciFiSpace/Materials/Planet_Materials/PolygonSpace_Planet_02_B.mat
  artifactKey: Guid(76a3ca1396f6dec46bacc5d3b13860f7) Importer(815301076,1909f56bfc062723c751e8b465ee728b)
Start importing Assets/PolygonSciFiSpace/Materials/Planet_Materials/PolygonSpace_Planet_02_B.mat using Guid(76a3ca1396f6dec46bacc5d3b13860f7) Importer(815301076,1909f56bfc062723c751e8b465ee728b)  -> (artifact id: 'dee62970f727dbbd1d4fded8f75258b4') in 0.031394 seconds 
  Import took 0.050591 seconds .

========================================================================
Received Import Request.
  Time since last request: 0.000467 seconds.
  path: Assets/PolygonSciFiSpace/Materials/Planet_Materials/PolygonSpace_Planet_02_D.mat
  artifactKey: Guid(64664aadc7672da4c804d9ae85455533) Importer(815301076,1909f56bfc062723c751e8b465ee728b)
Start importing Assets/PolygonSciFiSpace/Materials/Planet_Materials/PolygonSpace_Planet_02_D.mat using Guid(64664aadc7672da4c804d9ae85455533) Importer(815301076,1909f56bfc062723c751e8b465ee728b)  -> (artifact id: '67012b70ab764f59b11620072504def0') in 0.029920 seconds 
  Import took 0.037668 seconds .

========================================================================
Received Import Request.
  Time since last request: 0.000558 seconds.
  path: Assets/PolygonSciFiSpace/Materials/Planet_Materials/PolygonSpace_Planet_02_A.mat
  artifactKey: Guid(c026d617125604b40ae321d5546578ef) Importer(815301076,1909f56bfc062723c751e8b465ee728b)
Start importing Assets/PolygonSciFiSpace/Materials/Planet_Materials/PolygonSpace_Planet_02_A.mat using Guid(c026d617125604b40ae321d5546578ef) Importer(815301076,1909f56bfc062723c751e8b465ee728b)  -> (artifact id: 'd7a744f3766a0b1341b073c03aa75152') in 0.030743 seconds 
  Import took 0.045049 seconds .

========================================================================
Received Import Request.
  Time since last request: 0.000430 seconds.
  path: Assets/PolygonSciFiSpace/Materials/Planet_Materials/PolygonSpace_Planet_01_F.mat
  artifactKey: Guid(755468e47d20e1646a30ed08dc02c9ae) Importer(815301076,1909f56bfc062723c751e8b465ee728b)
Start importing Assets/PolygonSciFiSpace/Materials/Planet_Materials/PolygonSpace_Planet_01_F.mat using Guid(755468e47d20e1646a30ed08dc02c9ae) Importer(815301076,1909f56bfc062723c751e8b465ee728b)  -> (artifact id: 'e640166ea149a51a2521bbbadb469728') in 0.057701 seconds 
  Import took 0.108104 seconds .

========================================================================
Received Import Request.
  Time since last request: 0.264471 seconds.
  path: Assets/PolygonSciFiSpace/Materials/Planet_Materials/PolygonSpace_Planet_01_C.mat
  artifactKey: Guid(dd6fc07952d74c2428d6b6df6eecd258) Importer(815301076,1909f56bfc062723c751e8b465ee728b)
Start importing Assets/PolygonSciFiSpace/Materials/Planet_Materials/PolygonSpace_Planet_01_C.mat using Guid(dd6fc07952d74c2428d6b6df6eecd258) Importer(815301076,1909f56bfc062723c751e8b465ee728b)  -> (artifact id: '59237d4a762743cdc21afb299bebaba8') in 0.098955 seconds 
  Import took 0.181098 seconds .

========================================================================
Received Import Request.
  Time since last request: 0.000644 seconds.
  path: Assets/PolygonSciFiSpace/Materials/Planet_Materials/PolygonSpace_Planet_01_E.mat
  artifactKey: Guid(c5fe62ddf4bb7644aaaf993ed8f9aae5) Importer(815301076,1909f56bfc062723c751e8b465ee728b)
Start importing Assets/PolygonSciFiSpace/Materials/Planet_Materials/PolygonSpace_Planet_01_E.mat using Guid(c5fe62ddf4bb7644aaaf993ed8f9aae5) Importer(815301076,1909f56bfc062723c751e8b465ee728b)  -> (artifact id: '62be4edb3f1d21cc6be3e9ef17b7e56d') in 0.038058 seconds 
  Import took 0.051326 seconds .

========================================================================
Received Import Request.
  Time since last request: 0.000442 seconds.
  path: Assets/PolygonSciFiSpace/Materials/Planet_Materials/PolygonSpace_Planet_01_D.mat
  artifactKey: Guid(104b4c7750829d3449e75bd4c9f4aa59) Importer(815301076,1909f56bfc062723c751e8b465ee728b)
Start importing Assets/PolygonSciFiSpace/Materials/Planet_Materials/PolygonSpace_Planet_01_D.mat using Guid(104b4c7750829d3449e75bd4c9f4aa59) Importer(815301076,1909f56bfc062723c751e8b465ee728b)  -> (artifact id: 'f49d0d0ab01467e585b09e7ec4df7eaf') in 0.075289 seconds 
  Import took 0.104276 seconds .

========================================================================
Received Import Request.
  Time since last request: 0.381553 seconds.
  path: Assets/PolygonSciFiSpace/Models/Materials/PolygonSciFiSpace_Texture_03_A.mat
  artifactKey: Guid(b0b0e6f101d08574887522f398ad5db1) Importer(815301076,1909f56bfc062723c751e8b465ee728b)
Start importing Assets/PolygonSciFiSpace/Models/Materials/PolygonSciFiSpace_Texture_03_A.mat using Guid(b0b0e6f101d08574887522f398ad5db1) Importer(815301076,1909f56bfc062723c751e8b465ee728b)  -> (artifact id: 'd82375763bd2dcce98d06db9bd63cff1') in 0.248664 seconds 
  Import took 0.273023 seconds .

========================================================================
Received Import Request.
  Time since last request: 0.000456 seconds.
  path: Assets/PolygonSciFiSpace/Materials/Planet_Materials/PolygonSpace_Planet_01_A.mat
  artifactKey: Guid(8ce572cc80e4a4542b06ee5dc64f4a3c) Importer(815301076,1909f56bfc062723c751e8b465ee728b)
Start importing Assets/PolygonSciFiSpace/Materials/Planet_Materials/PolygonSpace_Planet_01_A.mat using Guid(8ce572cc80e4a4542b06ee5dc64f4a3c) Importer(815301076,1909f56bfc062723c751e8b465ee728b)  -> (artifact id: '9d15090d076d392201bcdf25e471b376') in 0.046250 seconds 
  Import took 0.074446 seconds .

========================================================================
Received Import Request.
  Time since last request: 0.000446 seconds.
  path: Assets/PolygonSciFiSpace/Materials/Planet_Materials/PolygonSpace_Planet_01_B.mat
  artifactKey: Guid(8d49b7338b55c3d44b6fc536ffa8f1ad) Importer(815301076,1909f56bfc062723c751e8b465ee728b)
Start importing Assets/PolygonSciFiSpace/Materials/Planet_Materials/PolygonSpace_Planet_01_B.mat using Guid(8d49b7338b55c3d44b6fc536ffa8f1ad) Importer(815301076,1909f56bfc062723c751e8b465ee728b)  -> (artifact id: '1db6b5ccdb0c02947fef5527ed1678f5') in 0.033373 seconds 
  Import took 0.057380 seconds .

========================================================================
Received Import Request.
  Time since last request: 0.098028 seconds.
  path: Assets/PolygonSciFiSpace/Materials/Misc/PolygonScifiSpace_Skybox_04.mat
  artifactKey: Guid(171e6ee74c4706e408c3ae23b55f467f) Importer(815301076,1909f56bfc062723c751e8b465ee728b)
Start importing Assets/PolygonSciFiSpace/Materials/Misc/PolygonScifiSpace_Skybox_04.mat using Guid(171e6ee74c4706e408c3ae23b55f467f) Importer(815301076,1909f56bfc062723c751e8b465ee728b)  -> (artifact id: 'd0140a77af19f48349253fb020b216ab') in 1.047973 seconds 
  Import took 1.158377 seconds .

========================================================================
Received Import Request.
  Time since last request: 0.000625 seconds.
  path: Assets/PolygonSciFiSpace/Materials/Misc/PolygonScifiSpace_Skybox_03.mat
  artifactKey: Guid(a7d4f5041273f4b469a8633035abc6c9) Importer(815301076,1909f56bfc062723c751e8b465ee728b)
Start importing Assets/PolygonSciFiSpace/Materials/Misc/PolygonScifiSpace_Skybox_03.mat using Guid(a7d4f5041273f4b469a8633035abc6c9) Importer(815301076,1909f56bfc062723c751e8b465ee728b)  -> (artifact id: '192835da30a9638ddb73ae99f0e836de') in 1.041114 seconds 
  Import took 1.074260 seconds .

========================================================================
Received Import Request.
  Time since last request: 0.000448 seconds.
  path: Assets/PolygonSciFiSpace/Materials/Misc/PolygonScifiSpace_Skybox_01.mat
  artifactKey: Guid(142397bd25cf70c4a9fe0c954934f343) Importer(815301076,1909f56bfc062723c751e8b465ee728b)
Start importing Assets/PolygonSciFiSpace/Materials/Misc/PolygonScifiSpace_Skybox_01.mat using Guid(142397bd25cf70c4a9fe0c954934f343) Importer(815301076,1909f56bfc062723c751e8b465ee728b)  -> (artifact id: 'a5d7b839ae96292b9477f4fa63626166') in 0.847920 seconds 
  Import took 0.855576 seconds .

========================================================================
Received Import Request.
  Time since last request: 0.000680 seconds.
  path: Assets/PolygonSciFiSpace/Materials/Alts/PolygonScifiSpace_Sign_01_D.mat
  artifactKey: Guid(f3ed1cfe4f132644ea3ab6952075de93) Importer(815301076,1909f56bfc062723c751e8b465ee728b)
Start importing Assets/PolygonSciFiSpace/Materials/Alts/PolygonScifiSpace_Sign_01_D.mat using Guid(f3ed1cfe4f132644ea3ab6952075de93) Importer(815301076,1909f56bfc062723c751e8b465ee728b)  -> (artifact id: 'dae82c3435304921948502e0c56fed2c') in 0.165967 seconds 
  Import took 0.172744 seconds .

========================================================================
Received Import Request.
  Time since last request: 0.000446 seconds.
  path: Assets/PolygonSciFiSpace/Materials/Alts/PolygonScifiSpace_Sign_01_E.mat
  artifactKey: Guid(27a26df9ceba4174a854cf003b56d460) Importer(815301076,1909f56bfc062723c751e8b465ee728b)
Start importing Assets/PolygonSciFiSpace/Materials/Alts/PolygonScifiSpace_Sign_01_E.mat using Guid(27a26df9ceba4174a854cf003b56d460) Importer(815301076,1909f56bfc062723c751e8b465ee728b)  -> (artifact id: '8c255d016d0ec1520f5a04d53620fa8e') in 0.202902 seconds 
  Import took 0.207632 seconds .

========================================================================
Received Import Request.
  Time since last request: 0.000354 seconds.
  path: Assets/PolygonSciFiSpace/Materials/Alts/PolygonScifiSpace_Sign_01_F.mat
  artifactKey: Guid(99096edb9f2f3964b8fbc42ab74dd0b9) Importer(815301076,1909f56bfc062723c751e8b465ee728b)
Start importing Assets/PolygonSciFiSpace/Materials/Alts/PolygonScifiSpace_Sign_01_F.mat using Guid(99096edb9f2f3964b8fbc42ab74dd0b9) Importer(815301076,1909f56bfc062723c751e8b465ee728b)  -> (artifact id: '2d37592bafee6f29585d3deb133ff75f') in 0.201499 seconds 
  Import took 0.207371 seconds .

========================================================================
Received Import Request.
  Time since last request: 0.000697 seconds.
  path: Assets/PolygonSciFiSpace/Materials/Misc/PolygonScifiSpace_Skybox_02.mat
  artifactKey: Guid(cb0c4d20058461a4db7dc95a11a894ee) Importer(815301076,1909f56bfc062723c751e8b465ee728b)
Start importing Assets/PolygonSciFiSpace/Materials/Misc/PolygonScifiSpace_Skybox_02.mat using Guid(cb0c4d20058461a4db7dc95a11a894ee) Importer(815301076,1909f56bfc062723c751e8b465ee728b)  -> (artifact id: '19e09140b2fac7b89726f12ad3623978') in 0.673141 seconds 
  Import took 0.804316 seconds .

========================================================================
Received Import Request.
  Time since last request: 0.028614 seconds.
  path: Assets/PolygonSciFiSpace/Materials/Alts/PolygonScifiSpace_SpaceStation_02.mat
  artifactKey: Guid(d8bdf050592abfc43b8feb9e1f4cb741) Importer(815301076,1909f56bfc062723c751e8b465ee728b)
Start importing Assets/PolygonSciFiSpace/Materials/Alts/PolygonScifiSpace_SpaceStation_02.mat using Guid(d8bdf050592abfc43b8feb9e1f4cb741) Importer(815301076,1909f56bfc062723c751e8b465ee728b)  -> (artifact id: 'e23241b637805a915348a2a82ccd8d7a') in 1.119971 seconds 
  Import took 1.161467 seconds .

========================================================================
Received Import Request.
  Time since last request: 22.638144 seconds.
  path: Assets/PolygonSciFiSpace/Materials/Alts/PolygonScifiSpace_Sign_01_B.mat
  artifactKey: Guid(59c39e62de56ee84db041e0e7ea26ae2) Importer(815301076,1909f56bfc062723c751e8b465ee728b)
Start importing Assets/PolygonSciFiSpace/Materials/Alts/PolygonScifiSpace_Sign_01_B.mat using Guid(59c39e62de56ee84db041e0e7ea26ae2) Importer(815301076,1909f56bfc062723c751e8b465ee728b)  -> (artifact id: '8111ca3d5c906f577dcc37cc8c603201') in 0.178749 seconds 
  Import took 0.239697 seconds .

========================================================================
Received Import Request.
  Time since last request: 0.000439 seconds.
  path: Assets/PolygonSciFiSpace/Materials/Alts/PolygonScifiSpace_Sign_01_C.mat
  artifactKey: Guid(4c86312164bd0544f8eda59d1daf7044) Importer(815301076,1909f56bfc062723c751e8b465ee728b)
Start importing Assets/PolygonSciFiSpace/Materials/Alts/PolygonScifiSpace_Sign_01_C.mat using Guid(4c86312164bd0544f8eda59d1daf7044) Importer(815301076,1909f56bfc062723c751e8b465ee728b)  -> (artifact id: '0f493f1d485ede5522876454b81f4403') in 0.207123 seconds 
  Import took 0.237295 seconds .

========================================================================
Received Import Request.
  Time since last request: 0.568641 seconds.
  path: Assets/PolygonSciFiSpace/Materials/Misc/PolygonScifiSpace_Material_Glass_Cockpit_Interior.mat
  artifactKey: Guid(78b3ade627c494d4f8b3b6c9f156628b) Importer(815301076,1909f56bfc062723c751e8b465ee728b)
Start importing Assets/PolygonSciFiSpace/Materials/Misc/PolygonScifiSpace_Material_Glass_Cockpit_Interior.mat using Guid(78b3ade627c494d4f8b3b6c9f156628b) Importer(815301076,1909f56bfc062723c751e8b465ee728b)  -> (artifact id: '8871a09ad2bbde0235cb4219c474cbe9') in 0.211134 seconds 
  Import took 0.268775 seconds .

========================================================================
Received Import Request.
  Time since last request: 0.000439 seconds.
  path: Assets/PolygonSciFiSpace/Materials/Misc/PolygonScifiSpace_Material_Grey.mat
  artifactKey: Guid(5de63e102847964469ac405410d914eb) Importer(815301076,1909f56bfc062723c751e8b465ee728b)
Start importing Assets/PolygonSciFiSpace/Materials/Misc/PolygonScifiSpace_Material_Grey.mat using Guid(5de63e102847964469ac405410d914eb) Importer(815301076,1909f56bfc062723c751e8b465ee728b)  -> (artifact id: 'd583b32a49d1ef7cae61682a755228a1') in 0.286796 seconds 
  Import took 0.343966 seconds .

========================================================================
Received Import Request.
  Time since last request: 0.000485 seconds.
  path: Assets/PolygonSciFiSpace/Materials/Alts/PolygonScifiSpace_Material_04_E.mat
  artifactKey: Guid(471818ee249267849bd3a01cfefe564a) Importer(815301076,1909f56bfc062723c751e8b465ee728b)
Start importing Assets/PolygonSciFiSpace/Materials/Alts/PolygonScifiSpace_Material_04_E.mat using Guid(471818ee249267849bd3a01cfefe564a) Importer(815301076,1909f56bfc062723c751e8b465ee728b)  -> (artifact id: '0ac2fc32004f904bceca3a2b32d6d61d') in 0.263979 seconds 
  Import took 0.287214 seconds .

========================================================================
Received Import Request.
  Time since last request: 0.000473 seconds.
  path: Assets/PolygonSciFiSpace/Materials/Alts/PolygonScifiSpace_Material_04_F.mat
  artifactKey: Guid(27935e4f4ec5bd848acb1c16b91ff694) Importer(815301076,1909f56bfc062723c751e8b465ee728b)
Start importing Assets/PolygonSciFiSpace/Materials/Alts/PolygonScifiSpace_Material_04_F.mat using Guid(27935e4f4ec5bd848acb1c16b91ff694) Importer(815301076,1909f56bfc062723c751e8b465ee728b)  -> (artifact id: '0e26212c0f636cdad84af4bf6ae35d93') in 0.201004 seconds 
  Import took 0.232379 seconds .

========================================================================
Received Import Request.
  Time since last request: 0.000519 seconds.
  path: Assets/PolygonSciFiSpace/Materials/Alts/PolygonScifiSpace_Material_Dirt_01.mat
  artifactKey: Guid(138e0aae3526bd54687107ed3fc9877c) Importer(815301076,1909f56bfc062723c751e8b465ee728b)
Start importing Assets/PolygonSciFiSpace/Materials/Alts/PolygonScifiSpace_Material_Dirt_01.mat using Guid(138e0aae3526bd54687107ed3fc9877c) Importer(815301076,1909f56bfc062723c751e8b465ee728b)  -> (artifact id: '41ded19e0386c10d1fd1f5bd95b98cdf') in 0.526717 seconds 
  Import took 0.583585 seconds .

========================================================================
Received Import Request.
  Time since last request: 0.000508 seconds.
  path: Assets/PolygonSciFiSpace/Materials/Alts/PolygonScifiSpace_Material_03_F.mat
  artifactKey: Guid(852e08e8e7224cb4b8935e20924d01d4) Importer(815301076,1909f56bfc062723c751e8b465ee728b)
Start importing Assets/PolygonSciFiSpace/Materials/Alts/PolygonScifiSpace_Material_03_F.mat using Guid(852e08e8e7224cb4b8935e20924d01d4) Importer(815301076,1909f56bfc062723c751e8b465ee728b)  -> (artifact id: '777131030515561b45fba73da9af0fe9') in 0.188846 seconds 
  Import took 0.234343 seconds .

========================================================================
Received Import Request.
  Time since last request: 0.000499 seconds.
  path: Assets/PolygonSciFiSpace/Materials/Alts/PolygonScifiSpace_Material_04_B.mat
  artifactKey: Guid(e871de2d3a078f445b028b75b70ee154) Importer(815301076,1909f56bfc062723c751e8b465ee728b)
Start importing Assets/PolygonSciFiSpace/Materials/Alts/PolygonScifiSpace_Material_04_B.mat using Guid(e871de2d3a078f445b028b75b70ee154) Importer(815301076,1909f56bfc062723c751e8b465ee728b)  -> (artifact id: '7c90716c1d818efc5ef03664b7260369') in 0.160449 seconds 
  Import took 0.181553 seconds .

========================================================================
Received Import Request.
  Time since last request: 0.000439 seconds.
  path: Assets/PolygonSciFiSpace/Materials/Alts/PolygonScifiSpace_Material_04_C.mat
  artifactKey: Guid(ae5678c8e76ecae4fbb0afcbe88edd33) Importer(815301076,1909f56bfc062723c751e8b465ee728b)
Start importing Assets/PolygonSciFiSpace/Materials/Alts/PolygonScifiSpace_Material_04_C.mat using Guid(ae5678c8e76ecae4fbb0afcbe88edd33) Importer(815301076,1909f56bfc062723c751e8b465ee728b)  -> (artifact id: '48a8083e4450834e876f7288c85a2939') in 0.175748 seconds 
  Import took 0.220418 seconds .

========================================================================
Received Import Request.
  Time since last request: 0.000464 seconds.
  path: Assets/PolygonSciFiSpace/Materials/Alts/PolygonScifiSpace_Material_03_E.mat
  artifactKey: Guid(b905751414f60f04491e10e1cdd4bd34) Importer(815301076,1909f56bfc062723c751e8b465ee728b)
Start importing Assets/PolygonSciFiSpace/Materials/Alts/PolygonScifiSpace_Material_03_E.mat using Guid(b905751414f60f04491e10e1cdd4bd34) Importer(815301076,1909f56bfc062723c751e8b465ee728b)  -> (artifact id: 'b5e85c73b9bc697d5cc3349ebf94b790') in 0.211212 seconds 
  Import took 0.239517 seconds .

========================================================================
Received Import Request.
  Time since last request: 0.000442 seconds.
  path: Assets/PolygonSciFiSpace/Materials/Alts/PolygonScifiSpace_Material_02_D.mat
  artifactKey: Guid(bcaa4f37939a5bf42b5fb1a833c5714e) Importer(815301076,1909f56bfc062723c751e8b465ee728b)
Start importing Assets/PolygonSciFiSpace/Materials/Alts/PolygonScifiSpace_Material_02_D.mat using Guid(bcaa4f37939a5bf42b5fb1a833c5714e) Importer(815301076,1909f56bfc062723c751e8b465ee728b)  -> (artifact id: 'a203bb4a3515e7fc467d999c2002058c') in 0.179322 seconds 
  Import took 0.225755 seconds .

========================================================================
Received Import Request.
  Time since last request: 0.000508 seconds.
  path: Assets/PolygonSciFiSpace/Materials/Alts/PolygonScifiSpace_Material_02_E.mat
  artifactKey: Guid(eddaffce8e7b618439f29009ac111ebf) Importer(815301076,1909f56bfc062723c751e8b465ee728b)
Start importing Assets/PolygonSciFiSpace/Materials/Alts/PolygonScifiSpace_Material_02_E.mat using Guid(eddaffce8e7b618439f29009ac111ebf) Importer(815301076,1909f56bfc062723c751e8b465ee728b)  -> (artifact id: '114b720ab797221b17bc8e0f8e271c31') in 0.181106 seconds 
  Import took 0.211198 seconds .

========================================================================
Received Import Request.
  Time since last request: 0.000393 seconds.
  path: Assets/PolygonSciFiSpace/Materials/Alts/PolygonScifiSpace_Material_04_D.mat
  artifactKey: Guid(0dd46c726e72adc45a13a91d6fc48aa3) Importer(815301076,1909f56bfc062723c751e8b465ee728b)
Start importing Assets/PolygonSciFiSpace/Materials/Alts/PolygonScifiSpace_Material_04_D.mat using Guid(0dd46c726e72adc45a13a91d6fc48aa3) Importer(815301076,1909f56bfc062723c751e8b465ee728b)  -> (artifact id: '359a28d25fe7935d441d581743265113') in 0.372863 seconds 
  Import took 0.435507 seconds .

========================================================================
Received Import Request.
  Time since last request: 0.000501 seconds.
  path: Assets/PolygonSciFiSpace/Materials/Alts/PolygonScifiSpace_Material_01_D.mat
  artifactKey: Guid(b5bb9a826b3056a48bae3843c804d4a5) Importer(815301076,1909f56bfc062723c751e8b465ee728b)
Start importing Assets/PolygonSciFiSpace/Materials/Alts/PolygonScifiSpace_Material_01_D.mat using Guid(b5bb9a826b3056a48bae3843c804d4a5) Importer(815301076,1909f56bfc062723c751e8b465ee728b)  -> (artifact id: '0ccbe0fcd5634cd400dab3026c903061') in 0.162681 seconds 
  Import took 0.193544 seconds .

========================================================================
Received Import Request.
  Time since last request: 0.000441 seconds.
  path: Assets/PolygonSciFiSpace/Materials/Alts/PolygonScifiSpace_Material_01_B.mat
  artifactKey: Guid(d8dfda64987cff5419b3497636a384d6) Importer(815301076,1909f56bfc062723c751e8b465ee728b)
Start importing Assets/PolygonSciFiSpace/Materials/Alts/PolygonScifiSpace_Material_01_B.mat using Guid(d8dfda64987cff5419b3497636a384d6) Importer(815301076,1909f56bfc062723c751e8b465ee728b)  -> (artifact id: 'c3874f5044ec734ef60b425e2fd9258c') in 0.185793 seconds 
  Import took 0.230028 seconds .

========================================================================
Received Import Request.
  Time since last request: 0.000488 seconds.
  path: Assets/PolygonSciFiSpace/Materials/Planet_Materials/PolygonScifi_PlanteRings_02.mat
  artifactKey: Guid(94a7529e20fb32f4f9733524b1bc5e7e) Importer(815301076,1909f56bfc062723c751e8b465ee728b)
Start importing Assets/PolygonSciFiSpace/Materials/Planet_Materials/PolygonScifi_PlanteRings_02.mat using Guid(94a7529e20fb32f4f9733524b1bc5e7e) Importer(815301076,1909f56bfc062723c751e8b465ee728b)  -> (artifact id: '34ec964fc8d138bdca10373edc939669') in 0.224598 seconds 
  Import took 0.254999 seconds .

========================================================================
Received Import Request.
  Time since last request: 0.000576 seconds.
  path: Assets/PolygonSciFiSpace/Materials/Planet_Materials/PolygonScifi_PlanteRings_01.mat
  artifactKey: Guid(7f23118735164934f94c1334b0d6fbac) Importer(815301076,1909f56bfc062723c751e8b465ee728b)
Start importing Assets/PolygonSciFiSpace/Materials/Planet_Materials/PolygonScifi_PlanteRings_01.mat using Guid(7f23118735164934f94c1334b0d6fbac) Importer(815301076,1909f56bfc062723c751e8b465ee728b)  -> (artifact id: '67b0a238de218a396df33c9e0d79abe2') in 0.084935 seconds 
  Import took 0.108558 seconds .

========================================================================
Received Import Request.
  Time since last request: 0.000455 seconds.
  path: Assets/Material/heroi 1.mat
  artifactKey: Guid(0e55c3a037c3d924594cf072d716d81e) Importer(815301076,1909f56bfc062723c751e8b465ee728b)
Start importing Assets/Material/heroi 1.mat using Guid(0e55c3a037c3d924594cf072d716d81e) Importer(815301076,1909f56bfc062723c751e8b465ee728b)  -> (artifact id: '866dcbde088dc5f344136a2de8ec7fb4') in 0.022492 seconds 
  Import took 0.059509 seconds .

========================================================================
Received Import Request.
  Time since last request: 0.000424 seconds.
  path: Assets/PolygonSciFiSpace/Models/Materials/PolygonSciFiCity_Texture_01_A.mat
  artifactKey: Guid(2e317f156e288ef4595ccb08d14367fc) Importer(815301076,1909f56bfc062723c751e8b465ee728b)
Start importing Assets/PolygonSciFiSpace/Models/Materials/PolygonSciFiCity_Texture_01_A.mat using Guid(2e317f156e288ef4595ccb08d14367fc) Importer(815301076,1909f56bfc062723c751e8b465ee728b)  -> (artifact id: 'e0ce080763f17fe0973d82ce5d15dcb8') in 0.047879 seconds 
  Import took 0.073363 seconds .

========================================================================
Received Import Request.
  Time since last request: 0.000407 seconds.
  path: Assets/PolygonSciFiSpace/Materials/Alts/PolygonScifiSpace_Material_01_E.mat
  artifactKey: Guid(475a38ac09e45e34190d59c017dadc53) Importer(815301076,1909f56bfc062723c751e8b465ee728b)
Start importing Assets/PolygonSciFiSpace/Materials/Alts/PolygonScifiSpace_Material_01_E.mat using Guid(475a38ac09e45e34190d59c017dadc53) Importer(815301076,1909f56bfc062723c751e8b465ee728b)  -> (artifact id: '5ca5dc5896d67d6ec8d501441fc40267') in 0.209227 seconds 
  Import took 0.299612 seconds .

========================================================================
Received Import Request.
  Time since last request: 0.000426 seconds.
  path: Assets/PolygonSciFiSpace/Materials/FX_Materials/FX_Trail_Streaks.mat
  artifactKey: Guid(a4ba6452393c9934fbda3b88896675cc) Importer(815301076,1909f56bfc062723c751e8b465ee728b)
Start importing Assets/PolygonSciFiSpace/Materials/FX_Materials/FX_Trail_Streaks.mat using Guid(a4ba6452393c9934fbda3b88896675cc) Importer(815301076,1909f56bfc062723c751e8b465ee728b)  -> (artifact id: '08a42c4de8f33618d31f121ba45c5e51') in 0.248070 seconds 
  Import took 0.289823 seconds .

========================================================================
Received Import Request.
  Time since last request: 0.000452 seconds.
  path: Assets/PolygonSciFiSpace/Materials/FX_Materials/FX_Warp.mat
  artifactKey: Guid(42cfaa16732c8074382eccd4dce4452c) Importer(815301076,1909f56bfc062723c751e8b465ee728b)
Start importing Assets/PolygonSciFiSpace/Materials/FX_Materials/FX_Warp.mat using Guid(42cfaa16732c8074382eccd4dce4452c) Importer(815301076,1909f56bfc062723c751e8b465ee728b)  -> (artifact id: '6ee9a23fe3f780ef6c4b50c257408207') in 0.172556 seconds 
  Import took 0.177186 seconds .

========================================================================
Received Import Request.
  Time since last request: 0.000428 seconds.
  path: Assets/PolygonSciFiSpace/Models/Collision/Materials/lambert1.mat
  artifactKey: Guid(147080267feb7bf468c9f4bbcf9f4c2f) Importer(815301076,1909f56bfc062723c751e8b465ee728b)
Start importing Assets/PolygonSciFiSpace/Models/Collision/Materials/lambert1.mat using Guid(147080267feb7bf468c9f4bbcf9f4c2f) Importer(815301076,1909f56bfc062723c751e8b465ee728b)  -> (artifact id: '2cce18889ac65c8393af2ca61eda48ff') in 0.049953 seconds 
  Import took 0.133903 seconds .

========================================================================
Received Import Request.
  Time since last request: 0.000386 seconds.
  path: Assets/PolygonSciFiSpace/Materials/FX_Materials/FX_WindTunnel.mat
  artifactKey: Guid(a5085a30bd863d249a44178a27bf694d) Importer(815301076,1909f56bfc062723c751e8b465ee728b)
Start importing Assets/PolygonSciFiSpace/Materials/FX_Materials/FX_WindTunnel.mat using Guid(a5085a30bd863d249a44178a27bf694d) Importer(815301076,1909f56bfc062723c751e8b465ee728b)  -> (artifact id: '3710519f74117d89bfa28864c6bee256') in 0.274294 seconds 
  Import took 0.292340 seconds .

========================================================================
Received Import Request.
  Time since last request: 0.000525 seconds.
  path: Assets/PolygonSciFiSpace/Models/Collision/Materials/lambert3.mat
  artifactKey: Guid(a6330ea5161fcb243a7ccc7328fcf853) Importer(815301076,1909f56bfc062723c751e8b465ee728b)
Start importing Assets/PolygonSciFiSpace/Models/Collision/Materials/lambert3.mat using Guid(a6330ea5161fcb243a7ccc7328fcf853) Importer(815301076,1909f56bfc062723c751e8b465ee728b)  -> (artifact id: 'f3465593820223423bf4935f22fdbee3') in 0.045599 seconds 
  Import took 0.090109 seconds .

========================================================================
Received Import Request.
  Time since last request: 0.000418 seconds.
  path: Assets/PolygonSciFiSpace/Materials/Alts/PolygonScifiSpace_Material_02_C.mat
  artifactKey: Guid(0c673a34921a40e41a11b1f96f70b371) Importer(815301076,1909f56bfc062723c751e8b465ee728b)
Start importing Assets/PolygonSciFiSpace/Materials/Alts/PolygonScifiSpace_Material_02_C.mat using Guid(0c673a34921a40e41a11b1f96f70b371) Importer(815301076,1909f56bfc062723c751e8b465ee728b)  -> (artifact id: '2cd9e85f545c27a2411fd15f9152913d') in 0.186386 seconds 
  Import took 0.191567 seconds .

========================================================================
Received Import Request.
  Time since last request: 0.000471 seconds.
  path: Assets/PolygonSciFiSpace/Materials/Alts/PolygonScifiSpace_Material_02_B.mat
  artifactKey: Guid(8a6d64850f424d3419b8d9df49078ff4) Importer(815301076,1909f56bfc062723c751e8b465ee728b)
Start importing Assets/PolygonSciFiSpace/Materials/Alts/PolygonScifiSpace_Material_02_B.mat using Guid(8a6d64850f424d3419b8d9df49078ff4) Importer(815301076,1909f56bfc062723c751e8b465ee728b)  -> (artifact id: 'd987394a2e8bf1e2e8e7c234287db33e') in 0.159766 seconds 
  Import took 0.231578 seconds .

========================================================================
Received Import Request.
  Time since last request: 0.000415 seconds.
  path: Assets/PolygonSciFiSpace/Materials/Alts/PolygonScifiSpace_Material_01_C.mat
  artifactKey: Guid(ed3bd972f89e47e42843b13fe786b1bc) Importer(815301076,1909f56bfc062723c751e8b465ee728b)
Start importing Assets/PolygonSciFiSpace/Materials/Alts/PolygonScifiSpace_Material_01_C.mat using Guid(ed3bd972f89e47e42843b13fe786b1bc) Importer(815301076,1909f56bfc062723c751e8b465ee728b)  -> (artifact id: '3399404e3393fef31b3cfc165bec604c') in 0.207617 seconds 
  Import took 0.257613 seconds .

========================================================================
Received Import Request.
  Time since last request: 0.000468 seconds.
  path: Assets/PolygonSciFiSpace/Materials/Alts/PolygonScifiSpace_Material_03_B.mat
  artifactKey: Guid(0c12261101fafa741904eae00d611c84) Importer(815301076,1909f56bfc062723c751e8b465ee728b)
Start importing Assets/PolygonSciFiSpace/Materials/Alts/PolygonScifiSpace_Material_03_B.mat using Guid(0c12261101fafa741904eae00d611c84) Importer(815301076,1909f56bfc062723c751e8b465ee728b)  -> (artifact id: '561084cccda35fa5e88dd61fba55ac92') in 0.267645 seconds 
  Import took 0.281888 seconds .

========================================================================
Received Import Request.
  Time since last request: 0.000565 seconds.
  path: Assets/PolygonSciFiSpace/Materials/FX_Materials/FX_WarpGate_Glow_01.mat
  artifactKey: Guid(59ca0f35f048a0841acdb61a066316b0) Importer(815301076,1909f56bfc062723c751e8b465ee728b)
Start importing Assets/PolygonSciFiSpace/Materials/FX_Materials/FX_WarpGate_Glow_01.mat using Guid(59ca0f35f048a0841acdb61a066316b0) Importer(815301076,1909f56bfc062723c751e8b465ee728b)  -> (artifact id: '6f997d142627e8681f05074bbfa35077') in 0.072274 seconds 
  Import took 0.093657 seconds .

========================================================================
Received Import Request.
  Time since last request: 0.000456 seconds.
  path: Assets/PolygonSciFiSpace/Materials/Alts/PolygonScifiSpace_Material_01_F.mat
  artifactKey: Guid(d6bbd080a39b4854096c1041d680d666) Importer(815301076,1909f56bfc062723c751e8b465ee728b)
Start importing Assets/PolygonSciFiSpace/Materials/Alts/PolygonScifiSpace_Material_01_F.mat using Guid(d6bbd080a39b4854096c1041d680d666) Importer(815301076,1909f56bfc062723c751e8b465ee728b)  -> (artifact id: 'bc4b567203ee4a2e6388505186cb9e91') in 0.257908 seconds 
  Import took 0.300024 seconds .

========================================================================
Received Import Request.
  Time since last request: 0.000471 seconds.
  path: Assets/PolygonSciFiSpace/Materials/Alts/PolygonScifiSpace_Material_03_C.mat
  artifactKey: Guid(880f2e8ae8117924d96d9b5e1d9bb8a9) Importer(815301076,1909f56bfc062723c751e8b465ee728b)
Start importing Assets/PolygonSciFiSpace/Materials/Alts/PolygonScifiSpace_Material_03_C.mat using Guid(880f2e8ae8117924d96d9b5e1d9bb8a9) Importer(815301076,1909f56bfc062723c751e8b465ee728b)  -> (artifact id: 'd303a6d4dfafec6904c5a2bf89ff5cd3') in 0.206833 seconds 
  Import took 0.224218 seconds .

========================================================================
Received Import Request.
  Time since last request: 0.023508 seconds.
  path: Assets/PolygonSciFiSpace/Materials/Alts/PolygonScifiSpace_Material_02_F.mat
  artifactKey: Guid(4e487708cce33b647b13149ee619e642) Importer(815301076,1909f56bfc062723c751e8b465ee728b)
Start importing Assets/PolygonSciFiSpace/Materials/Alts/PolygonScifiSpace_Material_02_F.mat using Guid(4e487708cce33b647b13149ee619e642) Importer(815301076,1909f56bfc062723c751e8b465ee728b)  -> (artifact id: '2a9ce9a2a182dc5f8e79751c59f3a962') in 0.133397 seconds 
  Import took 0.276806 seconds .

========================================================================
Received Import Request.
  Time since last request: 0.000502 seconds.
  path: Assets/PolygonSciFiSpace/Materials/Misc/PolygonScifiSpace_Cockpit_Glass.mat
  artifactKey: Guid(4ebffc301dc299a428c1363ddfed99cf) Importer(815301076,1909f56bfc062723c751e8b465ee728b)
Start importing Assets/PolygonSciFiSpace/Materials/Misc/PolygonScifiSpace_Cockpit_Glass.mat using Guid(4ebffc301dc299a428c1363ddfed99cf) Importer(815301076,1909f56bfc062723c751e8b465ee728b)  -> (artifact id: '2c90435ada7210462c7b4bcd883b82c3') in 0.085327 seconds 
  Import took 0.155524 seconds .

========================================================================
Received Import Request.
  Time since last request: 0.000535 seconds.
  path: Assets/PolygonSciFiSpace/Materials/Alts/PolygonScifiSpace_Material_03_D.mat
  artifactKey: Guid(9a116b178d4414b45aa521891f469727) Importer(815301076,1909f56bfc062723c751e8b465ee728b)
Start importing Assets/PolygonSciFiSpace/Materials/Alts/PolygonScifiSpace_Material_03_D.mat using Guid(9a116b178d4414b45aa521891f469727) Importer(815301076,1909f56bfc062723c751e8b465ee728b)  -> (artifact id: '0bd594d339a2e620e7cd33fe053fd9d5') in 0.189816 seconds 
  Import took 0.247957 seconds .

========================================================================
Received Import Request.
  Time since last request: 0.064538 seconds.
  path: Assets/PolygonSciFiSpace/Materials/FX_Materials/FX_Sphere.mat
  artifactKey: Guid(41e9749fbfcb2214f8ce3b9b2bdca971) Importer(815301076,1909f56bfc062723c751e8b465ee728b)
Start importing Assets/PolygonSciFiSpace/Materials/FX_Materials/FX_Sphere.mat using Guid(41e9749fbfcb2214f8ce3b9b2bdca971) Importer(815301076,1909f56bfc062723c751e8b465ee728b)  -> (artifact id: '6c23139dd02610918fab9c7ae7051c64') in 0.179426 seconds 
  Import took 0.246557 seconds .

========================================================================
Received Import Request.
  Time since last request: 0.000456 seconds.
  path: Assets/PolygonSciFiSpace/Materials/FX_Materials/FX_Sun.mat
  artifactKey: Guid(42f01578a2dc66f4080e7353b70cc20c) Importer(815301076,1909f56bfc062723c751e8b465ee728b)
Start importing Assets/PolygonSciFiSpace/Materials/FX_Materials/FX_Sun.mat using Guid(42f01578a2dc66f4080e7353b70cc20c) Importer(815301076,1909f56bfc062723c751e8b465ee728b)  -> (artifact id: '0c824a10819c3386b3ce00f940990365') in 0.031300 seconds 
  Import took 0.038343 seconds .

========================================================================
Received Import Request.
  Time since last request: 0.000656 seconds.
  path: Assets/PolygonSciFiSpace/Materials/FX_Materials/FX_Steam_Mat.mat
  artifactKey: Guid(47e542428617fb845a4b882c2b0a699a) Importer(815301076,1909f56bfc062723c751e8b465ee728b)
Start importing Assets/PolygonSciFiSpace/Materials/FX_Materials/FX_Steam_Mat.mat using Guid(47e542428617fb845a4b882c2b0a699a) Importer(815301076,1909f56bfc062723c751e8b465ee728b)  -> (artifact id: '48dcab37bd4898ef05806fd7dcea1931') in 0.027959 seconds 
  Import took 0.033767 seconds .

========================================================================
Received Import Request.
  Time since last request: 0.354658 seconds.
  path: Assets/PolygonSciFiSpace/Materials/FX_Materials/FX_MuzzleFlash.mat
  artifactKey: Guid(9e790bbee27d08e45ab96d553ca371c8) Importer(815301076,1909f56bfc062723c751e8b465ee728b)
Start importing Assets/PolygonSciFiSpace/Materials/FX_Materials/FX_MuzzleFlash.mat using Guid(9e790bbee27d08e45ab96d553ca371c8) Importer(815301076,1909f56bfc062723c751e8b465ee728b)  -> (artifact id: 'a8d2afc2b8e7936de4ac3f0e19a8ea87') in 0.087449 seconds 
  Import took 0.115601 seconds .

========================================================================
Received Import Request.
  Time since last request: 0.000497 seconds.
  path: Assets/PolygonSciFiSpace/Materials/FX_Materials/FX_Lines.mat
  artifactKey: Guid(ccabe2f6d0ff0b34ea4c6ad84a5748de) Importer(815301076,1909f56bfc062723c751e8b465ee728b)
Start importing Assets/PolygonSciFiSpace/Materials/FX_Materials/FX_Lines.mat using Guid(ccabe2f6d0ff0b34ea4c6ad84a5748de) Importer(815301076,1909f56bfc062723c751e8b465ee728b)  -> (artifact id: '6b3aca84f77ed84f326d70e084af9857') in 0.150257 seconds 
  Import took 0.189299 seconds .

========================================================================
Received Import Request.
  Time since last request: 0.000432 seconds.
  path: Assets/PolygonSciFiSpace/Materials/FX_Materials/FX_MissileCloud.mat
  artifactKey: Guid(a024a8c4e754a3d469880ec32ac46bc4) Importer(815301076,1909f56bfc062723c751e8b465ee728b)
Start importing Assets/PolygonSciFiSpace/Materials/FX_Materials/FX_MissileCloud.mat using Guid(a024a8c4e754a3d469880ec32ac46bc4) Importer(815301076,1909f56bfc062723c751e8b465ee728b)  -> (artifact id: 'cf9e5c3082f0e1992d85ad3fa9345e3f') in 0.115552 seconds 
  Import took 0.120638 seconds .

========================================================================
Received Import Request.
  Time since last request: 0.000439 seconds.
  path: Assets/PolygonSciFiSpace/Materials/FX_Materials/FX_Pebble_Debris.mat
  artifactKey: Guid(6205a7363db3a834b93abb789a92cb31) Importer(815301076,1909f56bfc062723c751e8b465ee728b)
Start importing Assets/PolygonSciFiSpace/Materials/FX_Materials/FX_Pebble_Debris.mat using Guid(6205a7363db3a834b93abb789a92cb31) Importer(815301076,1909f56bfc062723c751e8b465ee728b)  -> (artifact id: 'e0cb7660839a753471a9eba868a175f7') in 0.029957 seconds 
  Import took 0.034902 seconds .

========================================================================
Received Import Request.
  Time since last request: 0.000392 seconds.
  path: Assets/PolygonSciFiSpace/Materials/FX_Materials/FX_Polygon_Scifi.mat
  artifactKey: Guid(ca7cc3bf58c8cbc48bf39535761f9d5d) Importer(815301076,1909f56bfc062723c751e8b465ee728b)
Start importing Assets/PolygonSciFiSpace/Materials/FX_Materials/FX_Polygon_Scifi.mat using Guid(ca7cc3bf58c8cbc48bf39535761f9d5d) Importer(815301076,1909f56bfc062723c751e8b465ee728b)  -> (artifact id: '12f865f878288e79abaedca6c50d5bee') in 0.027016 seconds 
  Import took 0.056392 seconds .

========================================================================
Received Import Request.
  Time since last request: 0.000428 seconds.
  path: Assets/PolygonSciFiSpace/Materials/FX_Materials/FX_LightRay_02.mat
  artifactKey: Guid(722710211571c0e4696b25c4b086c9b1) Importer(815301076,1909f56bfc062723c751e8b465ee728b)
Start importing Assets/PolygonSciFiSpace/Materials/FX_Materials/FX_LightRay_02.mat using Guid(722710211571c0e4696b25c4b086c9b1) Importer(815301076,1909f56bfc062723c751e8b465ee728b)  -> (artifact id: '9489b739efa8ef06f2561cf3a690ea5f') in 0.040753 seconds 
  Import took 0.075769 seconds .

========================================================================
Received Import Request.
  Time since last request: 0.647602 seconds.
  path: Assets/PolygonSciFiSpace/Materials/FX_Materials/FX_Laser.mat
  artifactKey: Guid(a37e90a722ff13b4281acd1103c69154) Importer(815301076,1909f56bfc062723c751e8b465ee728b)
Start importing Assets/PolygonSciFiSpace/Materials/FX_Materials/FX_Laser.mat using Guid(a37e90a722ff13b4281acd1103c69154) Importer(815301076,1909f56bfc062723c751e8b465ee728b)  -> (artifact id: 'd0de96d19774ead6aeb4520d66397a7e') in 0.099336 seconds 
  Import took 0.130891 seconds .

========================================================================
Received Import Request.
  Time since last request: 0.000478 seconds.
  path: Assets/PolygonSciFiSpace/Materials/FX_Materials/FX_LightBlocker.mat
  artifactKey: Guid(54a326676e1fc804da6ceff7c86fdc29) Importer(815301076,1909f56bfc062723c751e8b465ee728b)
Start importing Assets/PolygonSciFiSpace/Materials/FX_Materials/FX_LightBlocker.mat using Guid(54a326676e1fc804da6ceff7c86fdc29) Importer(815301076,1909f56bfc062723c751e8b465ee728b)  -> (artifact id: '78110ab4fa27bc5bb58ce7e56c35b602') in 0.028273 seconds 
  Import took 0.034378 seconds .

========================================================================
Received Import Request.
  Time since last request: 0.000486 seconds.
  path: Assets/PolygonSciFiSpace/Materials/FX_Materials/FX_LightRay.mat
  artifactKey: Guid(91f21d47c2b9b7d4e946b81b5b39f0af) Importer(815301076,1909f56bfc062723c751e8b465ee728b)
Start importing Assets/PolygonSciFiSpace/Materials/FX_Materials/FX_LightRay.mat using Guid(91f21d47c2b9b7d4e946b81b5b39f0af) Importer(815301076,1909f56bfc062723c751e8b465ee728b)  -> (artifact id: 'fded4374a94b87de19d6d22820242c88') in 0.030199 seconds 
  Import took 0.042583 seconds .

========================================================================
Received Import Request.
  Time since last request: 3.695676 seconds.
  path: Assets/PolygonSciFiSpace/Materials/FX_Materials/FX_Explosion.mat
  artifactKey: Guid(c44d9100c3587264ead98493219f1fa1) Importer(815301076,1909f56bfc062723c751e8b465ee728b)
Start importing Assets/PolygonSciFiSpace/Materials/FX_Materials/FX_Explosion.mat using Guid(c44d9100c3587264ead98493219f1fa1) Importer(815301076,1909f56bfc062723c751e8b465ee728b)  -> (artifact id: '96fa3474893b950daee17dd266f2b8f7') in 0.045252 seconds 
  Import took 0.108544 seconds .

========================================================================
Received Import Request.
  Time since last request: 0.000432 seconds.
  path: Assets/PolygonSciFiSpace/Materials/FX_Materials/FX_HUD_02.mat
  artifactKey: Guid(ed479f6af7150af4785855060608e0ae) Importer(815301076,1909f56bfc062723c751e8b465ee728b)
Start importing Assets/PolygonSciFiSpace/Materials/FX_Materials/FX_HUD_02.mat using Guid(ed479f6af7150af4785855060608e0ae) Importer(815301076,1909f56bfc062723c751e8b465ee728b)  -> (artifact id: 'bc26cbfeb564876db5d6651c97165c64') in 0.222155 seconds 
  Import took 0.226794 seconds .

========================================================================
Received Import Request.
  Time since last request: 0.000427 seconds.
  path: Assets/PolygonSciFiSpace/Materials/FX_Materials/FX_HUD.mat
  artifactKey: Guid(16979365a2f31f543847bd8b1d3dee73) Importer(815301076,1909f56bfc062723c751e8b465ee728b)
Start importing Assets/PolygonSciFiSpace/Materials/FX_Materials/FX_HUD.mat using Guid(16979365a2f31f543847bd8b1d3dee73) Importer(815301076,1909f56bfc062723c751e8b465ee728b)  -> (artifact id: 'bd33770d5ce14c46984d871932ad0f8e') in 0.065076 seconds 
  Import took 0.076499 seconds .

========================================================================
Received Import Request.
  Time since last request: 0.000421 seconds.
  path: Assets/PolygonSciFiSpace/Materials/FX_Materials/FX_Bullets_Laser.mat
  artifactKey: Guid(918cab7a2574d6c4ba7ae6171240559e) Importer(815301076,1909f56bfc062723c751e8b465ee728b)
Start importing Assets/PolygonSciFiSpace/Materials/FX_Materials/FX_Bullets_Laser.mat using Guid(918cab7a2574d6c4ba7ae6171240559e) Importer(815301076,1909f56bfc062723c751e8b465ee728b)  -> (artifact id: '864eb2585aaf81d36f7d279329e28337') in 0.167935 seconds 
  Import took 0.173184 seconds .

========================================================================
Received Import Request.
  Time since last request: 0.000471 seconds.
  path: Assets/PolygonSciFiSpace/Materials/FX_Materials/FX_Blank.mat
  artifactKey: Guid(d922946a0ca8b3844af1a702052525f9) Importer(815301076,1909f56bfc062723c751e8b465ee728b)
Start importing Assets/PolygonSciFiSpace/Materials/FX_Materials/FX_Blank.mat using Guid(d922946a0ca8b3844af1a702052525f9) Importer(815301076,1909f56bfc062723c751e8b465ee728b)  -> (artifact id: '3f5045cbea011535ca57472ddbff933e') in 0.052357 seconds 
  Import took 0.065218 seconds .

========================================================================
Received Import Request.
  Time since last request: 0.000443 seconds.
  path: Assets/PolygonSciFiSpace/Materials/FX_Materials/FX_Bubbles.mat
  artifactKey: Guid(eb9451ded980d934ba8a3465b8d4e4c5) Importer(815301076,1909f56bfc062723c751e8b465ee728b)
Start importing Assets/PolygonSciFiSpace/Materials/FX_Materials/FX_Bubbles.mat using Guid(eb9451ded980d934ba8a3465b8d4e4c5) Importer(815301076,1909f56bfc062723c751e8b465ee728b)  -> (artifact id: 'dd01cea6f84c1713966d7b5c15fcb7a5') in 0.067602 seconds 
  Import took 0.072703 seconds .

========================================================================
Received Import Request.
  Time since last request: 0.000425 seconds.
  path: Assets/PolygonSciFiSpace/Materials/FX_Materials/FX_Clouds.mat
  artifactKey: Guid(e09805caf7b9f494681c9218e7ea1722) Importer(815301076,1909f56bfc062723c751e8b465ee728b)
Start importing Assets/PolygonSciFiSpace/Materials/FX_Materials/FX_Clouds.mat using Guid(e09805caf7b9f494681c9218e7ea1722) Importer(815301076,1909f56bfc062723c751e8b465ee728b)  -> (artifact id: 'f591cc8ea0dad30fcc39c41e923915e6') in 0.184869 seconds 
  Import took 0.256515 seconds .

========================================================================
Received Import Request.
  Time since last request: 0.000430 seconds.
  path: Assets/PolygonSciFiSpace/Materials/FX_Materials/FX_Clouds_01.mat
  artifactKey: Guid(3e1f45bff2e14cc418f7d4256dba8299) Importer(815301076,1909f56bfc062723c751e8b465ee728b)
Start importing Assets/PolygonSciFiSpace/Materials/FX_Materials/FX_Clouds_01.mat using Guid(3e1f45bff2e14cc418f7d4256dba8299) Importer(815301076,1909f56bfc062723c751e8b465ee728b)  -> (artifact id: 'f995d34a72176f92be832b85267fac25') in 0.032745 seconds 
  Import took 0.061949 seconds .

========================================================================
Received Import Request.
  Time since last request: 0.000425 seconds.
  path: Assets/PolygonSciFiSpace/Materials/FX_Materials/FX_Black.mat
  artifactKey: Guid(52f54f8012454f74eaa7e9926f989372) Importer(815301076,1909f56bfc062723c751e8b465ee728b)
Start importing Assets/PolygonSciFiSpace/Materials/FX_Materials/FX_Black.mat using Guid(52f54f8012454f74eaa7e9926f989372) Importer(815301076,1909f56bfc062723c751e8b465ee728b)  -> (artifact id: '9dc0e068472edba2f8c367bb5559d355') in 0.129144 seconds 
  Import took 0.134126 seconds .

========================================================================
Received Import Request.
  Time since last request: 0.000401 seconds.
  path: Assets/PolygonSciFiSpace/Materials/FX_Materials/FX_Blackhole.mat
  artifactKey: Guid(a5515c39754fbde43b94f0f536f96d1f) Importer(815301076,1909f56bfc062723c751e8b465ee728b)
Start importing Assets/PolygonSciFiSpace/Materials/FX_Materials/FX_Blackhole.mat using Guid(a5515c39754fbde43b94f0f536f96d1f) Importer(815301076,1909f56bfc062723c751e8b465ee728b)  -> (artifact id: '1eadf77a2f73ffa0c32c2be4b48d35ed') in 0.029545 seconds 
  Import took 0.067474 seconds .

========================================================================
Received Prepare
Registering precompiled user dll's ...
Registered in 0.007491 seconds.
Begin MonoManager ReloadAssembly
Native extension for WindowsStandalone target not found
Native extension for WebGL target not found
Refreshing native plugins compatible for Editor in 1.04 ms, found 3 plugins.
Preloading 0 native plugins for Editor in 0.00 ms.
Mono: successfully reloaded assembly
- Completed reload, in  1.832 seconds
Domain Reload Profiling:
	ReloadAssembly (1833ms)
		BeginReloadAssembly (182ms)
			ExecutionOrderSort (0ms)
			DisableScriptedObjects (8ms)
			BackupInstance (0ms)
			ReleaseScriptingObjects (0ms)
			CreateAndSetChildDomain (54ms)
		EndReloadAssembly (1558ms)
			LoadAssemblies (144ms)
			RebuildTransferFunctionScriptingTraits (0ms)
			SetupTypeCache (513ms)
			ReleaseScriptCaches (2ms)
			RebuildScriptCaches (79ms)
			SetupLoadedEditorAssemblies (615ms)
				LogAssemblyErrors (0ms)
				InitializePlatformSupportModulesInManaged (12ms)
				SetLoadedEditorAssemblies (1ms)
				RefreshPlugins (1ms)
				BeforeProcessingInitializeOnLoad (172ms)
				ProcessInitializeOnLoadAttributes (395ms)
				ProcessInitializeOnLoadMethodAttributes (18ms)
				AfterProcessingInitializeOnLoad (16ms)
				EditorAssembliesLoaded (0ms)
			ExecutionOrderSort2 (0ms)
			AwakeInstancesAfterBackupRestoration (18ms)
Platform modules already initialized, skipping
Refreshing native plugins compatible for Editor in 0.92 ms, found 3 plugins.
Preloading 0 native plugins for Editor in 0.00 ms.
Unloading 2056 Unused Serialized files (Serialized files now loaded: 0)
System memory in use before: 101.5 MB.
System memory in use after: 101.6 MB.

Unloading 14 unused Assets to reduce memory usage. Loaded Objects now: 2557.
Total: 4.918500 ms (FindLiveObjects: 0.249500 ms CreateObjectMapping: 0.066900 ms MarkObjects: 4.566000 ms  DeleteObjects: 0.034200 ms)

AssetImportParameters requested are different than current active one (requested -> active):
  custom:framework-win-MediaFoundation: 216162199b28c13a410421893ffa2e32 -> 
  custom:video-decoder-ogg-theora: a1e56fd34408186e4bbccfd4996cb3dc -> 
  custom:container-muxer-webm: aa71ff27fc2769a1b78a27578f13a17b -> 
  custom:container-demuxer-webm: 4f35f7cbe854078d1ac9338744f61a02 -> 
  custom:container-demuxer-ogg: 62fdf1f143b41e24485cea50d1cbac27 -> 
  custom:video-encoder-webm-vp8: eb34c28f22e8b96e1ab97ce403110664 -> 
  custom:video-decoder-webm-vp8: 9c59270c3fd7afecdb556c50c9e8de78 -> 
  custom:audio-decoder-ogg-vorbis: bf7c407c2cedff20999df2af8eb42d56 -> 
  custom:audio-encoder-webm-vorbis: bf7c407c2cedff20999df2af8eb42d56 -> 
========================================================================
Received Prepare
Registering precompiled user dll's ...
Registered in 0.005239 seconds.
Begin MonoManager ReloadAssembly
Native extension for WindowsStandalone target not found
Native extension for WebGL target not found
Refreshing native plugins compatible for Editor in 1.04 ms, found 3 plugins.
Preloading 0 native plugins for Editor in 0.00 ms.
Mono: successfully reloaded assembly
- Completed reload, in  1.673 seconds
Domain Reload Profiling:
	ReloadAssembly (1674ms)
		BeginReloadAssembly (166ms)
			ExecutionOrderSort (0ms)
			DisableScriptedObjects (7ms)
			BackupInstance (0ms)
			ReleaseScriptingObjects (0ms)
			CreateAndSetChildDomain (47ms)
		EndReloadAssembly (1398ms)
			LoadAssemblies (140ms)
			RebuildTransferFunctionScriptingTraits (0ms)
			SetupTypeCache (524ms)
			ReleaseScriptCaches (1ms)
			RebuildScriptCaches (63ms)
			SetupLoadedEditorAssemblies (504ms)
				LogAssemblyErrors (0ms)
				InitializePlatformSupportModulesInManaged (13ms)
				SetLoadedEditorAssemblies (1ms)
				RefreshPlugins (1ms)
				BeforeProcessingInitializeOnLoad (125ms)
				ProcessInitializeOnLoadAttributes (323ms)
				ProcessInitializeOnLoadMethodAttributes (21ms)
				AfterProcessingInitializeOnLoad (19ms)
				EditorAssembliesLoaded (0ms)
			ExecutionOrderSort2 (0ms)
			AwakeInstancesAfterBackupRestoration (14ms)
Platform modules already initialized, skipping
Refreshing native plugins compatible for Editor in 1.43 ms, found 3 plugins.
Preloading 0 native plugins for Editor in 0.00 ms.
Unloading 2056 Unused Serialized files (Serialized files now loaded: 0)
System memory in use before: 101.5 MB.
System memory in use after: 101.7 MB.

Unloading 14 unused Assets to reduce memory usage. Loaded Objects now: 2559.
Total: 5.534000 ms (FindLiveObjects: 0.237000 ms CreateObjectMapping: 0.059600 ms MarkObjects: 5.202700 ms  DeleteObjects: 0.033100 ms)

AssetImportParameters requested are different than current active one (requested -> active):
  custom:framework-win-MediaFoundation: 216162199b28c13a410421893ffa2e32 -> 
  custom:video-decoder-ogg-theora: a1e56fd34408186e4bbccfd4996cb3dc -> 
  custom:container-muxer-webm: aa71ff27fc2769a1b78a27578f13a17b -> 
  custom:container-demuxer-webm: 4f35f7cbe854078d1ac9338744f61a02 -> 
  custom:container-demuxer-ogg: 62fdf1f143b41e24485cea50d1cbac27 -> 
  custom:video-encoder-webm-vp8: eb34c28f22e8b96e1ab97ce403110664 -> 
  custom:video-decoder-webm-vp8: 9c59270c3fd7afecdb556c50c9e8de78 -> 
  custom:audio-decoder-ogg-vorbis: bf7c407c2cedff20999df2af8eb42d56 -> 
  custom:audio-encoder-webm-vorbis: bf7c407c2cedff20999df2af8eb42d56 -> 
========================================================================
Received Prepare
Registering precompiled user dll's ...
Registered in 0.008277 seconds.
Begin MonoManager ReloadAssembly
Native extension for WindowsStandalone target not found
Native extension for WebGL target not found
Refreshing native plugins compatible for Editor in 1.00 ms, found 3 plugins.
Preloading 0 native plugins for Editor in 0.00 ms.
Mono: successfully reloaded assembly
- Completed reload, in  1.892 seconds
Domain Reload Profiling:
	ReloadAssembly (1893ms)
		BeginReloadAssembly (234ms)
			ExecutionOrderSort (0ms)
			DisableScriptedObjects (10ms)
			BackupInstance (0ms)
			ReleaseScriptingObjects (0ms)
			CreateAndSetChildDomain (67ms)
		EndReloadAssembly (1525ms)
			LoadAssemblies (217ms)
			RebuildTransferFunctionScriptingTraits (0ms)
			SetupTypeCache (536ms)
			ReleaseScriptCaches (2ms)
			RebuildScriptCaches (72ms)
			SetupLoadedEditorAssemblies (547ms)
				LogAssemblyErrors (0ms)
				InitializePlatformSupportModulesInManaged (7ms)
				SetLoadedEditorAssemblies (2ms)
				RefreshPlugins (1ms)
				BeforeProcessingInitializeOnLoad (128ms)
				ProcessInitializeOnLoadAttributes (373ms)
				ProcessInitializeOnLoadMethodAttributes (18ms)
				AfterProcessingInitializeOnLoad (16ms)
				EditorAssembliesLoaded (0ms)
			ExecutionOrderSort2 (0ms)
			AwakeInstancesAfterBackupRestoration (19ms)
Platform modules already initialized, skipping
Refreshing native plugins compatible for Editor in 0.98 ms, found 3 plugins.
Preloading 0 native plugins for Editor in 0.00 ms.
Unloading 2056 Unused Serialized files (Serialized files now loaded: 0)
System memory in use before: 101.6 MB.
System memory in use after: 101.7 MB.

Unloading 14 unused Assets to reduce memory usage. Loaded Objects now: 2561.
Total: 4.274600 ms (FindLiveObjects: 0.310400 ms CreateObjectMapping: 0.124000 ms MarkObjects: 3.808600 ms  DeleteObjects: 0.030000 ms)

AssetImportParameters requested are different than current active one (requested -> active):
  custom:framework-win-MediaFoundation: 216162199b28c13a410421893ffa2e32 -> 
  custom:video-decoder-ogg-theora: a1e56fd34408186e4bbccfd4996cb3dc -> 
  custom:container-muxer-webm: aa71ff27fc2769a1b78a27578f13a17b -> 
  custom:container-demuxer-webm: 4f35f7cbe854078d1ac9338744f61a02 -> 
  custom:container-demuxer-ogg: 62fdf1f143b41e24485cea50d1cbac27 -> 
  custom:video-encoder-webm-vp8: eb34c28f22e8b96e1ab97ce403110664 -> 
  custom:video-decoder-webm-vp8: 9c59270c3fd7afecdb556c50c9e8de78 -> 
  custom:audio-decoder-ogg-vorbis: bf7c407c2cedff20999df2af8eb42d56 -> 
  custom:audio-encoder-webm-vorbis: bf7c407c2cedff20999df2af8eb42d56 -> 
========================================================================
Received Prepare
Registering precompiled user dll's ...
Registered in 0.005280 seconds.
Begin MonoManager ReloadAssembly
Native extension for WindowsStandalone target not found
Native extension for WebGL target not found
Refreshing native plugins compatible for Editor in 1.11 ms, found 3 plugins.
Preloading 0 native plugins for Editor in 0.00 ms.
Mono: successfully reloaded assembly
- Completed reload, in  9.643 seconds
Domain Reload Profiling:
	ReloadAssembly (9644ms)
		BeginReloadAssembly (243ms)
			ExecutionOrderSort (0ms)
			DisableScriptedObjects (11ms)
			BackupInstance (0ms)
			ReleaseScriptingObjects (0ms)
			CreateAndSetChildDomain (78ms)
		EndReloadAssembly (9263ms)
			LoadAssemblies (238ms)
			RebuildTransferFunctionScriptingTraits (0ms)
			SetupTypeCache (532ms)
			ReleaseScriptCaches (1ms)
			RebuildScriptCaches (67ms)
			SetupLoadedEditorAssemblies (8276ms)
				LogAssemblyErrors (0ms)
				InitializePlatformSupportModulesInManaged (8ms)
				SetLoadedEditorAssemblies (2ms)
				RefreshPlugins (1ms)
				BeforeProcessingInitializeOnLoad (7903ms)
				ProcessInitializeOnLoadAttributes (331ms)
				ProcessInitializeOnLoadMethodAttributes (17ms)
				AfterProcessingInitializeOnLoad (12ms)
				EditorAssembliesLoaded (0ms)
			ExecutionOrderSort2 (0ms)
			AwakeInstancesAfterBackupRestoration (12ms)
Platform modules already initialized, skipping
Refreshing native plugins compatible for Editor in 1.33 ms, found 3 plugins.
Preloading 0 native plugins for Editor in 0.00 ms.
Unloading 2056 Unused Serialized files (Serialized files now loaded: 0)
System memory in use before: 101.6 MB.
System memory in use after: 101.7 MB.

Unloading 14 unused Assets to reduce memory usage. Loaded Objects now: 2563.
Total: 4.709800 ms (FindLiveObjects: 0.324700 ms CreateObjectMapping: 0.147100 ms MarkObjects: 4.204500 ms  DeleteObjects: 0.031800 ms)

AssetImportParameters requested are different than current active one (requested -> active):
  custom:framework-win-MediaFoundation: 216162199b28c13a410421893ffa2e32 -> 
  custom:video-decoder-ogg-theora: a1e56fd34408186e4bbccfd4996cb3dc -> 
  custom:container-muxer-webm: aa71ff27fc2769a1b78a27578f13a17b -> 
  custom:container-demuxer-webm: 4f35f7cbe854078d1ac9338744f61a02 -> 
  custom:container-demuxer-ogg: 62fdf1f143b41e24485cea50d1cbac27 -> 
  custom:video-encoder-webm-vp8: eb34c28f22e8b96e1ab97ce403110664 -> 
  custom:video-decoder-webm-vp8: 9c59270c3fd7afecdb556c50c9e8de78 -> 
  custom:audio-decoder-ogg-vorbis: bf7c407c2cedff20999df2af8eb42d56 -> 
  custom:audio-encoder-webm-vorbis: bf7c407c2cedff20999df2af8eb42d56 -> 
========================================================================
Received Prepare
Registering precompiled user dll's ...
Registered in 0.005840 seconds.
Begin MonoManager ReloadAssembly
Native extension for WindowsStandalone target not found
Native extension for WebGL target not found
Refreshing native plugins compatible for Editor in 1.11 ms, found 3 plugins.
Preloading 0 native plugins for Editor in 0.00 ms.
Mono: successfully reloaded assembly
- Completed reload, in  1.628 seconds
Domain Reload Profiling:
	ReloadAssembly (1628ms)
		BeginReloadAssembly (167ms)
			ExecutionOrderSort (0ms)
			DisableScriptedObjects (6ms)
			BackupInstance (0ms)
			ReleaseScriptingObjects (0ms)
			CreateAndSetChildDomain (52ms)
		EndReloadAssembly (1357ms)
			LoadAssemblies (146ms)
			RebuildTransferFunctionScriptingTraits (0ms)
			SetupTypeCache (438ms)
			ReleaseScriptCaches (1ms)
			RebuildScriptCaches (64ms)
			SetupLoadedEditorAssemblies (541ms)
				LogAssemblyErrors (0ms)
				InitializePlatformSupportModulesInManaged (8ms)
				SetLoadedEditorAssemblies (2ms)
				RefreshPlugins (1ms)
				BeforeProcessingInitializeOnLoad (147ms)
				ProcessInitializeOnLoadAttributes (352ms)
				ProcessInitializeOnLoadMethodAttributes (17ms)
				AfterProcessingInitializeOnLoad (13ms)
				EditorAssembliesLoaded (0ms)
			ExecutionOrderSort2 (0ms)
			AwakeInstancesAfterBackupRestoration (14ms)
Platform modules already initialized, skipping
Refreshing native plugins compatible for Editor in 0.89 ms, found 3 plugins.
Preloading 0 native plugins for Editor in 0.00 ms.
Unloading 2056 Unused Serialized files (Serialized files now loaded: 0)
System memory in use before: 101.6 MB.
System memory in use after: 101.7 MB.

Unloading 14 unused Assets to reduce memory usage. Loaded Objects now: 2565.
Total: 4.021100 ms (FindLiveObjects: 0.242800 ms CreateObjectMapping: 0.070500 ms MarkObjects: 3.675800 ms  DeleteObjects: 0.030500 ms)

AssetImportParameters requested are different than current active one (requested -> active):
  custom:framework-win-MediaFoundation: 216162199b28c13a410421893ffa2e32 -> 
  custom:video-decoder-ogg-theora: a1e56fd34408186e4bbccfd4996cb3dc -> 
  custom:container-muxer-webm: aa71ff27fc2769a1b78a27578f13a17b -> 
  custom:container-demuxer-webm: 4f35f7cbe854078d1ac9338744f61a02 -> 
  custom:container-demuxer-ogg: 62fdf1f143b41e24485cea50d1cbac27 -> 
  custom:video-encoder-webm-vp8: eb34c28f22e8b96e1ab97ce403110664 -> 
  custom:video-decoder-webm-vp8: 9c59270c3fd7afecdb556c50c9e8de78 -> 
  custom:audio-decoder-ogg-vorbis: bf7c407c2cedff20999df2af8eb42d56 -> 
  custom:audio-encoder-webm-vorbis: bf7c407c2cedff20999df2af8eb42d56 -> 
========================================================================
Received Prepare
Registering precompiled user dll's ...
Registered in 0.005404 seconds.
Begin MonoManager ReloadAssembly
Native extension for WindowsStandalone target not found
Native extension for WebGL target not found
Refreshing native plugins compatible for Editor in 0.84 ms, found 3 plugins.
Preloading 0 native plugins for Editor in 0.00 ms.
Mono: successfully reloaded assembly
- Completed reload, in  1.652 seconds
Domain Reload Profiling:
	ReloadAssembly (1653ms)
		BeginReloadAssembly (196ms)
			ExecutionOrderSort (0ms)
			DisableScriptedObjects (9ms)
			BackupInstance (0ms)
			ReleaseScriptingObjects (0ms)
			CreateAndSetChildDomain (57ms)
		EndReloadAssembly (1328ms)
			LoadAssemblies (185ms)
			RebuildTransferFunctionScriptingTraits (0ms)
			SetupTypeCache (470ms)
			ReleaseScriptCaches (1ms)
			RebuildScriptCaches (60ms)
			SetupLoadedEditorAssemblies (482ms)
				LogAssemblyErrors (0ms)
				InitializePlatformSupportModulesInManaged (7ms)
				SetLoadedEditorAssemblies (1ms)
				RefreshPlugins (1ms)
				BeforeProcessingInitializeOnLoad (122ms)
				ProcessInitializeOnLoadAttributes (323ms)
				ProcessInitializeOnLoadMethodAttributes (15ms)
				AfterProcessingInitializeOnLoad (13ms)
				EditorAssembliesLoaded (0ms)
			ExecutionOrderSort2 (0ms)
			AwakeInstancesAfterBackupRestoration (16ms)
Platform modules already initialized, skipping
Refreshing native plugins compatible for Editor in 0.84 ms, found 3 plugins.
Preloading 0 native plugins for Editor in 0.00 ms.
Unloading 2056 Unused Serialized files (Serialized files now loaded: 0)
System memory in use before: 101.6 MB.
System memory in use after: 101.7 MB.

Unloading 15 unused Assets to reduce memory usage. Loaded Objects now: 2567.
Total: 4.568400 ms (FindLiveObjects: 0.254400 ms CreateObjectMapping: 0.088900 ms MarkObjects: 4.187100 ms  DeleteObjects: 0.036500 ms)

AssetImportParameters requested are different than current active one (requested -> active):
  custom:framework-win-MediaFoundation: 216162199b28c13a410421893ffa2e32 -> 
  custom:video-decoder-ogg-theora: a1e56fd34408186e4bbccfd4996cb3dc -> 
  custom:container-muxer-webm: aa71ff27fc2769a1b78a27578f13a17b -> 
  custom:container-demuxer-webm: 4f35f7cbe854078d1ac9338744f61a02 -> 
  custom:container-demuxer-ogg: 62fdf1f143b41e24485cea50d1cbac27 -> 
  custom:video-encoder-webm-vp8: eb34c28f22e8b96e1ab97ce403110664 -> 
  custom:video-decoder-webm-vp8: 9c59270c3fd7afecdb556c50c9e8de78 -> 
  custom:audio-decoder-ogg-vorbis: bf7c407c2cedff20999df2af8eb42d56 -> 
  custom:audio-encoder-webm-vorbis: bf7c407c2cedff20999df2af8eb42d56 -> 
========================================================================
Received Import Request.
  Time since last request: 4686.715795 seconds.
  path: Assets/Prefab/Inimigo Variant.prefab
  artifactKey: Guid(7ee989582d4f73c45a82464642cbb602) Importer(815301076,1909f56bfc062723c751e8b465ee728b)
Start importing Assets/Prefab/Inimigo Variant.prefab using Guid(7ee989582d4f73c45a82464642cbb602) Importer(815301076,1909f56bfc062723c751e8b465ee728b)  -> (artifact id: '86b95e93fed0f86206706ab94fb94aba') in 0.311236 seconds 
  Import took 0.329436 seconds .

========================================================================
Received Prepare
Registering precompiled user dll's ...
Registered in 0.007882 seconds.
Begin MonoManager ReloadAssembly
Native extension for WindowsStandalone target not found
Native extension for WebGL target not found
Refreshing native plugins compatible for Editor in 1.29 ms, found 3 plugins.
Preloading 0 native plugins for Editor in 0.00 ms.
Mono: successfully reloaded assembly
- Completed reload, in  1.608 seconds
Domain Reload Profiling:
	ReloadAssembly (1608ms)
		BeginReloadAssembly (201ms)
			ExecutionOrderSort (0ms)
			DisableScriptedObjects (9ms)
			BackupInstance (0ms)
			ReleaseScriptingObjects (0ms)
			CreateAndSetChildDomain (53ms)
		EndReloadAssembly (1291ms)
			LoadAssemblies (181ms)
			RebuildTransferFunctionScriptingTraits (0ms)
			SetupTypeCache (478ms)
			ReleaseScriptCaches (1ms)
			RebuildScriptCaches (66ms)
			SetupLoadedEditorAssemblies (460ms)
				LogAssemblyErrors (0ms)
				InitializePlatformSupportModulesInManaged (11ms)
				SetLoadedEditorAssemblies (1ms)
				RefreshPlugins (2ms)
				BeforeProcessingInitializeOnLoad (118ms)
				ProcessInitializeOnLoadAttributes (298ms)
				ProcessInitializeOnLoadMethodAttributes (16ms)
				AfterProcessingInitializeOnLoad (14ms)
				EditorAssembliesLoaded (0ms)
			ExecutionOrderSort2 (0ms)
			AwakeInstancesAfterBackupRestoration (15ms)
Platform modules already initialized, skipping
Refreshing native plugins compatible for Editor in 0.83 ms, found 3 plugins.
Preloading 0 native plugins for Editor in 0.00 ms.
Unloading 2056 Unused Serialized files (Serialized files now loaded: 0)
System memory in use before: 115.2 MB.
System memory in use after: 115.3 MB.

Unloading 14 unused Assets to reduce memory usage. Loaded Objects now: 2571.
Total: 3.933800 ms (FindLiveObjects: 0.233500 ms CreateObjectMapping: 0.065700 ms MarkObjects: 3.601900 ms  DeleteObjects: 0.031200 ms)

AssetImportParameters requested are different than current active one (requested -> active):
  custom:framework-win-MediaFoundation: 216162199b28c13a410421893ffa2e32 -> 
  custom:video-decoder-ogg-theora: a1e56fd34408186e4bbccfd4996cb3dc -> 
  custom:container-muxer-webm: aa71ff27fc2769a1b78a27578f13a17b -> 
  custom:container-demuxer-webm: 4f35f7cbe854078d1ac9338744f61a02 -> 
  custom:container-demuxer-ogg: 62fdf1f143b41e24485cea50d1cbac27 -> 
  custom:video-encoder-webm-vp8: eb34c28f22e8b96e1ab97ce403110664 -> 
  custom:video-decoder-webm-vp8: 9c59270c3fd7afecdb556c50c9e8de78 -> 
  custom:audio-decoder-ogg-vorbis: bf7c407c2cedff20999df2af8eb42d56 -> 
  custom:audio-encoder-webm-vorbis: bf7c407c2cedff20999df2af8eb42d56 -> 
========================================================================
Received Prepare
Registering precompiled user dll's ...
Registered in 0.006572 seconds.
Begin MonoManager ReloadAssembly
Native extension for WindowsStandalone target not found
Native extension for WebGL target not found
Refreshing native plugins compatible for Editor in 0.83 ms, found 3 plugins.
Preloading 0 native plugins for Editor in 0.00 ms.
Mono: successfully reloaded assembly
- Completed reload, in  1.650 seconds
Domain Reload Profiling:
	ReloadAssembly (1650ms)
		BeginReloadAssembly (200ms)
			ExecutionOrderSort (0ms)
			DisableScriptedObjects (8ms)
			BackupInstance (0ms)
			ReleaseScriptingObjects (0ms)
			CreateAndSetChildDomain (59ms)
		EndReloadAssembly (1326ms)
			LoadAssemblies (194ms)
			RebuildTransferFunctionScriptingTraits (0ms)
			SetupTypeCache (447ms)
			ReleaseScriptCaches (1ms)
			RebuildScriptCaches (66ms)
			SetupLoadedEditorAssemblies (488ms)
				LogAssemblyErrors (0ms)
				InitializePlatformSupportModulesInManaged (7ms)
				SetLoadedEditorAssemblies (1ms)
				RefreshPlugins (1ms)
				BeforeProcessingInitializeOnLoad (139ms)
				ProcessInitializeOnLoadAttributes (311ms)
				ProcessInitializeOnLoadMethodAttributes (14ms)
				AfterProcessingInitializeOnLoad (15ms)
				EditorAssembliesLoaded (0ms)
			ExecutionOrderSort2 (0ms)
			AwakeInstancesAfterBackupRestoration (15ms)
Platform modules already initialized, skipping
Refreshing native plugins compatible for Editor in 0.83 ms, found 3 plugins.
Preloading 0 native plugins for Editor in 0.00 ms.
Unloading 2055 Unused Serialized files (Serialized files now loaded: 0)
System memory in use before: 115.2 MB.
System memory in use after: 115.3 MB.

Unloading 15 unused Assets to reduce memory usage. Loaded Objects now: 2572.
Total: 4.430500 ms (FindLiveObjects: 0.229600 ms CreateObjectMapping: 0.069500 ms MarkObjects: 4.095400 ms  DeleteObjects: 0.034600 ms)

AssetImportParameters requested are different than current active one (requested -> active):
  custom:framework-win-MediaFoundation: 216162199b28c13a410421893ffa2e32 -> 
  custom:video-decoder-ogg-theora: a1e56fd34408186e4bbccfd4996cb3dc -> 
  custom:container-muxer-webm: aa71ff27fc2769a1b78a27578f13a17b -> 
  custom:container-demuxer-webm: 4f35f7cbe854078d1ac9338744f61a02 -> 
  custom:container-demuxer-ogg: 62fdf1f143b41e24485cea50d1cbac27 -> 
  custom:video-encoder-webm-vp8: eb34c28f22e8b96e1ab97ce403110664 -> 
  custom:video-decoder-webm-vp8: 9c59270c3fd7afecdb556c50c9e8de78 -> 
  custom:audio-decoder-ogg-vorbis: bf7c407c2cedff20999df2af8eb42d56 -> 
  custom:audio-encoder-webm-vorbis: bf7c407c2cedff20999df2af8eb42d56 -> 
========================================================================
Received Prepare
Registering precompiled user dll's ...
Registered in 0.006391 seconds.
Begin MonoManager ReloadAssembly
Native extension for WindowsStandalone target not found
Native extension for WebGL target not found
Refreshing native plugins compatible for Editor in 1.10 ms, found 3 plugins.
Preloading 0 native plugins for Editor in 0.00 ms.
Mono: successfully reloaded assembly
- Completed reload, in  1.678 seconds
Domain Reload Profiling:
	ReloadAssembly (1679ms)
		BeginReloadAssembly (193ms)
			ExecutionOrderSort (0ms)
			DisableScriptedObjects (10ms)
			BackupInstance (0ms)
			ReleaseScriptingObjects (0ms)
			CreateAndSetChildDomain (52ms)
		EndReloadAssembly (1363ms)
			LoadAssemblies (179ms)
			RebuildTransferFunctionScriptingTraits (0ms)
			SetupTypeCache (478ms)
			ReleaseScriptCaches (1ms)
			RebuildScriptCaches (60ms)
			SetupLoadedEditorAssemblies (504ms)
				LogAssemblyErrors (0ms)
				InitializePlatformSupportModulesInManaged (8ms)
				SetLoadedEditorAssemblies (3ms)
				RefreshPlugins (1ms)
				BeforeProcessingInitializeOnLoad (141ms)
				ProcessInitializeOnLoadAttributes (327ms)
				ProcessInitializeOnLoadMethodAttributes (13ms)
				AfterProcessingInitializeOnLoad (12ms)
				EditorAssembliesLoaded (0ms)
			ExecutionOrderSort2 (0ms)
			AwakeInstancesAfterBackupRestoration (12ms)
Platform modules already initialized, skipping
Refreshing native plugins compatible for Editor in 0.85 ms, found 3 plugins.
Preloading 0 native plugins for Editor in 0.00 ms.
Unloading 2056 Unused Serialized files (Serialized files now loaded: 0)
System memory in use before: 115.2 MB.
System memory in use after: 115.3 MB.

Unloading 14 unused Assets to reduce memory usage. Loaded Objects now: 2575.
Total: 6.057700 ms (FindLiveObjects: 0.253600 ms CreateObjectMapping: 0.090900 ms MarkObjects: 5.616800 ms  DeleteObjects: 0.094300 ms)

AssetImportParameters requested are different than current active one (requested -> active):
  custom:framework-win-MediaFoundation: 216162199b28c13a410421893ffa2e32 -> 
  custom:video-decoder-ogg-theora: a1e56fd34408186e4bbccfd4996cb3dc -> 
  custom:container-muxer-webm: aa71ff27fc2769a1b78a27578f13a17b -> 
  custom:container-demuxer-webm: 4f35f7cbe854078d1ac9338744f61a02 -> 
  custom:container-demuxer-ogg: 62fdf1f143b41e24485cea50d1cbac27 -> 
  custom:video-encoder-webm-vp8: eb34c28f22e8b96e1ab97ce403110664 -> 
  custom:video-decoder-webm-vp8: 9c59270c3fd7afecdb556c50c9e8de78 -> 
  custom:audio-decoder-ogg-vorbis: bf7c407c2cedff20999df2af8eb42d56 -> 
  custom:audio-encoder-webm-vorbis: bf7c407c2cedff20999df2af8eb42d56 -> 
AssetImportWorkerClient::OnTransportError - code=2 error=End of file
